Performing C++ SOURCE FILE Test CXX_SUPPORTS_CLASS_MEMACCESS_FLAG failed with the following output:
Change Dir: /Users/eloy/Code/ReactNative/Hermes/build/CMakeFiles/CMakeTmp

Run Build Command(s):/usr/bin/xcodebuild -project CMAKE_TRY_COMPILE.xcodeproj build -target cmTC_36ae9 -configuration Debug -hideShellScriptEnvironment && Command line invocation:
    /Applications/Xcode.app/Contents/Developer/usr/bin/xcodebuild -project CMAKE_TRY_COMPILE.xcodeproj build -target cmTC_36ae9 -configuration Debug -hideShellScriptEnvironment

User defaults from command line:
    HideShellScriptEnvironment = YES

Prepare build
note: Using legacy build system
=== BUILD TARGET cmTC_36ae9 OF PROJECT CMAKE_TRY_COMPILE WITH CONFIGURATION Debug ===

Check dependencies

Write auxiliary files
/bin/mkdir -p /Users/eloy/Code/ReactNative/Hermes/build/CMakeFiles/CMakeTmp/CMAKE_TRY_COMPILE.build/Debug/cmTC_36ae9.build/Objects-normal/x86_64
write-file /Users/eloy/Code/ReactNative/Hermes/build/CMakeFiles/CMakeTmp/CMAKE_TRY_COMPILE.build/Debug/cmTC_36ae9.build/Objects-normal/x86_64/cmTC_36ae9.LinkFileList

CompileC CMAKE_TRY_COMPILE.build/Debug/cmTC_36ae9.build/Objects-normal/x86_64/src.o src.cxx normal x86_64 c++ com.apple.compilers.llvm.clang.1_0.compiler
    cd /Users/eloy/Code/ReactNative/Hermes/build/CMakeFiles/CMakeTmp
    /Applications/Xcode.app/Contents/Developer/Toolchains/XcodeDefault.xctoolchain/usr/bin/clang -x c++ -target x86_64-apple-macos10.15 -fmessage-length=0 -fdiagnostics-show-note-include-stack -fmacro-backtrace-limit=0 -Wno-trigraphs -fpascal-strings -O0 -Wno-missing-field-initializers -Wno-missing-prototypes -Wno-return-type -Wno-non-virtual-dtor -Wno-overloaded-virtual -Wno-exit-time-destructors -Wno-missing-braces -Wparentheses -Wswitch -Wno-unused-function -Wno-unused-label -Wno-unused-parameter -Wno-unused-variable -Wunused-value -Wno-empty-body -Wno-uninitialized -Wno-unknown-pragmas -Wno-shadow -Wno-four-char-constants -Wno-conversion -Wno-constant-conversion -Wno-int-conversion -Wno-bool-conversion -Wno-enum-conversion -Wno-float-conversion -Wno-non-literal-null-conversion -Wno-objc-literal-conversion -Wno-shorten-64-to-32 -Wno-newline-eof -Wno-c++11-extensions -DCMAKE_INTDIR=\"Debug\" -isysroot /Applications/Xcode.app/Contents/Developer/Platforms/MacOSX.platform/Developer/SDKs/MacOSX10.15.sdk -fasm-blocks -fstrict-aliasing -Wdeprecated-declarations -Winvalid-offsetof -g -Wno-sign-conversion -Wno-infinite-recursion -Wno-move -Wno-comma -Wno-block-capture-autoreleasing -Wno-strict-prototypes -Wno-range-loop-analysis -Wno-semicolon-before-method-body -I/Users/eloy/Code/ReactNative/Hermes/build/CMakeFiles/CMakeTmp/Debug/include -I/Users/eloy/Code/ReactNative/Hermes/build/CMakeFiles/CMakeTmp/CMAKE_TRY_COMPILE.build/Debug/cmTC_36ae9.build/DerivedSources-normal/x86_64 -I/Users/eloy/Code/ReactNative/Hermes/build/CMakeFiles/CMakeTmp/CMAKE_TRY_COMPILE.build/Debug/cmTC_36ae9.build/DerivedSources/x86_64 -I/Users/eloy/Code/ReactNative/Hermes/build/CMakeFiles/CMakeTmp/CMAKE_TRY_COMPILE.build/Debug/cmTC_36ae9.build/DerivedSources -Wmost -Wno-four-char-constants -Wno-unknown-pragmas -F/Users/eloy/Code/ReactNative/Hermes/build/CMakeFiles/CMakeTmp/Debug -Wall -Wextra -Wno-unused-parameter -Wwrite-strings -Wcast-qual -Wmissing-field-initializers -DCXX_SUPPORTS_CLASS_MEMACCESS_FLAG -Wclass-memaccess -MMD -MT dependencies -MF /Users/eloy/Code/ReactNative/Hermes/build/CMakeFiles/CMakeTmp/CMAKE_TRY_COMPILE.build/Debug/cmTC_36ae9.build/Objects-normal/x86_64/src.d --serialize-diagnostics /Users/eloy/Code/ReactNative/Hermes/build/CMakeFiles/CMakeTmp/CMAKE_TRY_COMPILE.build/Debug/cmTC_36ae9.build/Objects-normal/x86_64/src.dia -c /Users/eloy/Code/ReactNative/Hermes/build/CMakeFiles/CMakeTmp/src.cxx -o /Users/eloy/Code/ReactNative/Hermes/build/CMakeFiles/CMakeTmp/CMAKE_TRY_COMPILE.build/Debug/cmTC_36ae9.build/Objects-normal/x86_64/src.o
warning: unknown warning option '-Wclass-memaccess'; did you mean '-Wclass-varargs'? [-Wunknown-warning-option]
1 warning generated.

Ld Debug/cmTC_36ae9 normal x86_64
    cd /Users/eloy/Code/ReactNative/Hermes/build/CMakeFiles/CMakeTmp
    /Applications/Xcode.app/Contents/Developer/Toolchains/XcodeDefault.xctoolchain/usr/bin/clang++ -target x86_64-apple-macos10.15 -isysroot /Applications/Xcode.app/Contents/Developer/Platforms/MacOSX.platform/Developer/SDKs/MacOSX10.15.sdk -L/Users/eloy/Code/ReactNative/Hermes/build/CMakeFiles/CMakeTmp/Debug -F/Users/eloy/Code/ReactNative/Hermes/build/CMakeFiles/CMakeTmp/Debug -filelist /Users/eloy/Code/ReactNative/Hermes/build/CMakeFiles/CMakeTmp/CMAKE_TRY_COMPILE.build/Debug/cmTC_36ae9.build/Objects-normal/x86_64/cmTC_36ae9.LinkFileList -Xlinker -object_path_lto -Xlinker /Users/eloy/Code/ReactNative/Hermes/build/CMakeFiles/CMakeTmp/CMAKE_TRY_COMPILE.build/Debug/cmTC_36ae9.build/Objects-normal/x86_64/cmTC_36ae9_lto.o -Xlinker -no_deduplicate -Wl,-search_paths_first -Wl,-headerpad_max_install_names -Xlinker -dependency_info -Xlinker /Users/eloy/Code/ReactNative/Hermes/build/CMakeFiles/CMakeTmp/CMAKE_TRY_COMPILE.build/Debug/cmTC_36ae9.build/Objects-normal/x86_64/cmTC_36ae9_dependency_info.dat -o /Users/eloy/Code/ReactNative/Hermes/build/CMakeFiles/CMakeTmp/Debug/cmTC_36ae9
2020-04-24 16:40:56.986 xcodebuild[28960:241199]  DTDeviceKit: deviceType from d22a1a23e2ce6ba03a3b8ea6aa30b1a4c1d86487 was NULL

ProcessProductPackaging "" CMAKE_TRY_COMPILE.build/Debug/cmTC_36ae9.build/cmTC_36ae9.xcent
    cd /Users/eloy/Code/ReactNative/Hermes/build/CMakeFiles/CMakeTmp
    

Entitlements:

{
    "com.apple.security.get-task-allow" = 1;
}


    builtin-productPackagingUtility -entitlements -format xml -o /Users/eloy/Code/ReactNative/Hermes/build/CMakeFiles/CMakeTmp/CMAKE_TRY_COMPILE.build/Debug/cmTC_36ae9.build/cmTC_36ae9.xcent

CodeSign Debug/cmTC_36ae9
    cd /Users/eloy/Code/ReactNative/Hermes/build/CMakeFiles/CMakeTmp
    
Signing Identity:     "-"

    /usr/bin/codesign --force --sign - --entitlements /Users/eloy/Code/ReactNative/Hermes/build/CMakeFiles/CMakeTmp/CMAKE_TRY_COMPILE.build/Debug/cmTC_36ae9.build/cmTC_36ae9.xcent --timestamp=none /Users/eloy/Code/ReactNative/Hermes/build/CMakeFiles/CMakeTmp/Debug/cmTC_36ae9

** BUILD SUCCEEDED **



Source file was:
int main() { return 0; }
Performing C++ SOURCE FILE Test HAVE_GC_SECTIONS failed with the following output:
Change Dir: /Users/eloy/Code/ReactNative/Hermes/build/CMakeFiles/CMakeTmp

Run Build Command(s):/usr/bin/xcodebuild -project CMAKE_TRY_COMPILE.xcodeproj build -target cmTC_e9ea6 -configuration Debug -hideShellScriptEnvironment && Command line invocation:
    /Applications/Xcode.app/Contents/Developer/usr/bin/xcodebuild -project CMAKE_TRY_COMPILE.xcodeproj build -target cmTC_e9ea6 -configuration Debug -hideShellScriptEnvironment

User defaults from command line:
    HideShellScriptEnvironment = YES

Prepare build
note: Using legacy build system
=== BUILD TARGET cmTC_e9ea6 OF PROJECT CMAKE_TRY_COMPILE WITH CONFIGURATION Debug ===

Check dependencies

Write auxiliary files
/bin/mkdir -p /Users/eloy/Code/ReactNative/Hermes/build/CMakeFiles/CMakeTmp/CMAKE_TRY_COMPILE.build/Debug/cmTC_e9ea6.build/Objects-normal/x86_64
write-file /Users/eloy/Code/ReactNative/Hermes/build/CMakeFiles/CMakeTmp/CMAKE_TRY_COMPILE.build/Debug/cmTC_e9ea6.build/Objects-normal/x86_64/cmTC_e9ea6.LinkFileList

CompileC CMAKE_TRY_COMPILE.build/Debug/cmTC_e9ea6.build/Objects-normal/x86_64/src.o src.cxx normal x86_64 c++ com.apple.compilers.llvm.clang.1_0.compiler
    cd /Users/eloy/Code/ReactNative/Hermes/build/CMakeFiles/CMakeTmp
    /Applications/Xcode.app/Contents/Developer/Toolchains/XcodeDefault.xctoolchain/usr/bin/clang -x c++ -target x86_64-apple-macos10.15 -fmessage-length=0 -fdiagnostics-show-note-include-stack -fmacro-backtrace-limit=0 -Wno-trigraphs -fpascal-strings -O0 -Wno-missing-field-initializers -Wno-missing-prototypes -Wno-return-type -Wno-non-virtual-dtor -Wno-overloaded-virtual -Wno-exit-time-destructors -Wno-missing-braces -Wparentheses -Wswitch -Wno-unused-function -Wno-unused-label -Wno-unused-parameter -Wno-unused-variable -Wunused-value -Wno-empty-body -Wno-uninitialized -Wno-unknown-pragmas -Wno-shadow -Wno-four-char-constants -Wno-conversion -Wno-constant-conversion -Wno-int-conversion -Wno-bool-conversion -Wno-enum-conversion -Wno-float-conversion -Wno-non-literal-null-conversion -Wno-objc-literal-conversion -Wno-shorten-64-to-32 -Wno-newline-eof -Wno-c++11-extensions -DCMAKE_INTDIR=\"Debug\" -isysroot /Applications/Xcode.app/Contents/Developer/Platforms/MacOSX.platform/Developer/SDKs/MacOSX10.15.sdk -fasm-blocks -fstrict-aliasing -Wdeprecated-declarations -Winvalid-offsetof -g -Wno-sign-conversion -Wno-infinite-recursion -Wno-move -Wno-comma -Wno-block-capture-autoreleasing -Wno-strict-prototypes -Wno-range-loop-analysis -Wno-semicolon-before-method-body -I/Users/eloy/Code/ReactNative/Hermes/build/CMakeFiles/CMakeTmp/Debug/include -I/Users/eloy/Code/ReactNative/Hermes/build/CMakeFiles/CMakeTmp/CMAKE_TRY_COMPILE.build/Debug/cmTC_e9ea6.build/DerivedSources-normal/x86_64 -I/Users/eloy/Code/ReactNative/Hermes/build/CMakeFiles/CMakeTmp/CMAKE_TRY_COMPILE.build/Debug/cmTC_e9ea6.build/DerivedSources/x86_64 -I/Users/eloy/Code/ReactNative/Hermes/build/CMakeFiles/CMakeTmp/CMAKE_TRY_COMPILE.build/Debug/cmTC_e9ea6.build/DerivedSources -Wmost -Wno-four-char-constants -Wno-unknown-pragmas -F/Users/eloy/Code/ReactNative/Hermes/build/CMakeFiles/CMakeTmp/Debug -Wall -Wextra -Wno-unused-parameter -Wwrite-strings -Wcast-qual -Wmissing-field-initializers -Wno-noexcept-type -Wnon-virtual-dtor -Wdelete-non-virtual-dtor -DHAVE_GC_SECTIONS -MMD -MT dependencies -MF /Users/eloy/Code/ReactNative/Hermes/build/CMakeFiles/CMakeTmp/CMAKE_TRY_COMPILE.build/Debug/cmTC_e9ea6.build/Objects-normal/x86_64/src.d --serialize-diagnostics /Users/eloy/Code/ReactNative/Hermes/build/CMakeFiles/CMakeTmp/CMAKE_TRY_COMPILE.build/Debug/cmTC_e9ea6.build/Objects-normal/x86_64/src.dia -c /Users/eloy/Code/ReactNative/Hermes/build/CMakeFiles/CMakeTmp/src.cxx -o /Users/eloy/Code/ReactNative/Hermes/build/CMakeFiles/CMakeTmp/CMAKE_TRY_COMPILE.build/Debug/cmTC_e9ea6.build/Objects-normal/x86_64/src.o

Ld Debug/cmTC_e9ea6 normal x86_64
    cd /Users/eloy/Code/ReactNative/Hermes/build/CMakeFiles/CMakeTmp
    /Applications/Xcode.app/Contents/Developer/Toolchains/XcodeDefault.xctoolchain/usr/bin/clang++ -target x86_64-apple-macos10.15 -isysroot /Applications/Xcode.app/Contents/Developer/Platforms/MacOSX.platform/Developer/SDKs/MacOSX10.15.sdk -L/Users/eloy/Code/ReactNative/Hermes/build/CMakeFiles/CMakeTmp/Debug -F/Users/eloy/Code/ReactNative/Hermes/build/CMakeFiles/CMakeTmp/Debug -filelist /Users/eloy/Code/ReactNative/Hermes/build/CMakeFiles/CMakeTmp/CMAKE_TRY_COMPILE.build/Debug/cmTC_e9ea6.build/Objects-normal/x86_64/cmTC_e9ea6.LinkFileList -Xlinker -object_path_lto -Xlinker /Users/eloy/Code/ReactNative/Hermes/build/CMakeFiles/CMakeTmp/CMAKE_TRY_COMPILE.build/Debug/cmTC_e9ea6.build/Objects-normal/x86_64/cmTC_e9ea6_lto.o -Xlinker -no_deduplicate --gc-sections -Wl,-search_paths_first -Wl,-headerpad_max_install_names -Xlinker -dependency_info -Xlinker /Users/eloy/Code/ReactNative/Hermes/build/CMakeFiles/CMakeTmp/CMAKE_TRY_COMPILE.build/Debug/cmTC_e9ea6.build/Objects-normal/x86_64/cmTC_e9ea6_dependency_info.dat -o /Users/eloy/Code/ReactNative/Hermes/build/CMakeFiles/CMakeTmp/Debug/cmTC_e9ea6
2020-04-24 16:41:02.361 xcodebuild[29057:242394]  DTDeviceKit: deviceType from d22a1a23e2ce6ba03a3b8ea6aa30b1a4c1d86487 was NULL
clang: error: unsupported option '--gc-sections'

** BUILD FAILED **


The following build commands failed:
	Ld Debug/cmTC_e9ea6 normal x86_64
(1 failure)


Source file was:
int main() { return 0; }
Performing C++ SOURCE FILE Test INIT_LIST_LIFETIME_FLAG failed with the following output:
Change Dir: /Users/eloy/Code/ReactNative/Hermes/build/CMakeFiles/CMakeTmp

Run Build Command(s):/usr/bin/xcodebuild -project CMAKE_TRY_COMPILE.xcodeproj build -target cmTC_dc25f -configuration Debug -hideShellScriptEnvironment && Command line invocation:
    /Applications/Xcode.app/Contents/Developer/usr/bin/xcodebuild -project CMAKE_TRY_COMPILE.xcodeproj build -target cmTC_dc25f -configuration Debug -hideShellScriptEnvironment

User defaults from command line:
    HideShellScriptEnvironment = YES

Prepare build
note: Using legacy build system
=== BUILD TARGET cmTC_dc25f OF PROJECT CMAKE_TRY_COMPILE WITH CONFIGURATION Debug ===

Check dependencies

Write auxiliary files
/bin/mkdir -p /Users/eloy/Code/ReactNative/Hermes/build/CMakeFiles/CMakeTmp/CMAKE_TRY_COMPILE.build/Debug/cmTC_dc25f.build/Objects-normal/x86_64
write-file /Users/eloy/Code/ReactNative/Hermes/build/CMakeFiles/CMakeTmp/CMAKE_TRY_COMPILE.build/Debug/cmTC_dc25f.build/Objects-normal/x86_64/cmTC_dc25f.LinkFileList

CompileC CMAKE_TRY_COMPILE.build/Debug/cmTC_dc25f.build/Objects-normal/x86_64/src.o src.cxx normal x86_64 c++ com.apple.compilers.llvm.clang.1_0.compiler
    cd /Users/eloy/Code/ReactNative/Hermes/build/CMakeFiles/CMakeTmp
    /Applications/Xcode.app/Contents/Developer/Toolchains/XcodeDefault.xctoolchain/usr/bin/clang -x c++ -target x86_64-apple-macos10.15 -fmessage-length=0 -fdiagnostics-show-note-include-stack -fmacro-backtrace-limit=0 -Wno-trigraphs -fpascal-strings -O0 -Wno-missing-field-initializers -Wno-missing-prototypes -Wno-return-type -Wno-non-virtual-dtor -Wno-overloaded-virtual -Wno-exit-time-destructors -Wno-missing-braces -Wparentheses -Wswitch -Wno-unused-function -Wno-unused-label -Wno-unused-parameter -Wno-unused-variable -Wunused-value -Wno-empty-body -Wno-uninitialized -Wno-unknown-pragmas -Wno-shadow -Wno-four-char-constants -Wno-conversion -Wno-constant-conversion -Wno-int-conversion -Wno-bool-conversion -Wno-enum-conversion -Wno-float-conversion -Wno-non-literal-null-conversion -Wno-objc-literal-conversion -Wno-shorten-64-to-32 -Wno-newline-eof -Wno-c++11-extensions -DCMAKE_INTDIR=\"Debug\" -isysroot /Applications/Xcode.app/Contents/Developer/Platforms/MacOSX.platform/Developer/SDKs/MacOSX10.15.sdk -fasm-blocks -fstrict-aliasing -Wdeprecated-declarations -Winvalid-offsetof -g -Wno-sign-conversion -Wno-infinite-recursion -Wno-move -Wno-comma -Wno-block-capture-autoreleasing -Wno-strict-prototypes -Wno-range-loop-analysis -Wno-semicolon-before-method-body -I/Users/eloy/Code/ReactNative/Hermes/build/CMakeFiles/CMakeTmp/Debug/include -I/Users/eloy/Code/ReactNative/Hermes/build/CMakeFiles/CMakeTmp/CMAKE_TRY_COMPILE.build/Debug/cmTC_dc25f.build/DerivedSources-normal/x86_64 -I/Users/eloy/Code/ReactNative/Hermes/build/CMakeFiles/CMakeTmp/CMAKE_TRY_COMPILE.build/Debug/cmTC_dc25f.build/DerivedSources/x86_64 -I/Users/eloy/Code/ReactNative/Hermes/build/CMakeFiles/CMakeTmp/CMAKE_TRY_COMPILE.build/Debug/cmTC_dc25f.build/DerivedSources -Wmost -Wno-four-char-constants -Wno-unknown-pragmas -F/Users/eloy/Code/ReactNative/Hermes/build/CMakeFiles/CMakeTmp/Debug -Wall -Wextra -Wno-unused-parameter -Wwrite-strings -Wcast-qual -Wmissing-field-initializers -Wno-noexcept-type -Wnon-virtual-dtor -Wdelete-non-virtual-dtor -DINIT_LIST_LIFETIME_FLAG -Winit-list-lifetime -MMD -MT dependencies -MF /Users/eloy/Code/ReactNative/Hermes/build/CMakeFiles/CMakeTmp/CMAKE_TRY_COMPILE.build/Debug/cmTC_dc25f.build/Objects-normal/x86_64/src.d --serialize-diagnostics /Users/eloy/Code/ReactNative/Hermes/build/CMakeFiles/CMakeTmp/CMAKE_TRY_COMPILE.build/Debug/cmTC_dc25f.build/Objects-normal/x86_64/src.dia -c /Users/eloy/Code/ReactNative/Hermes/build/CMakeFiles/CMakeTmp/src.cxx -o /Users/eloy/Code/ReactNative/Hermes/build/CMakeFiles/CMakeTmp/CMAKE_TRY_COMPILE.build/Debug/cmTC_dc25f.build/Objects-normal/x86_64/src.o
warning: unknown warning option '-Winit-list-lifetime' [-Wunknown-warning-option]
1 warning generated.

2020-04-24 16:41:03.232 xcodebuild[29070:242496]  DTDeviceKit: deviceType from d22a1a23e2ce6ba03a3b8ea6aa30b1a4c1d86487 was NULL
Ld Debug/cmTC_dc25f normal x86_64
    cd /Users/eloy/Code/ReactNative/Hermes/build/CMakeFiles/CMakeTmp
    /Applications/Xcode.app/Contents/Developer/Toolchains/XcodeDefault.xctoolchain/usr/bin/clang++ -target x86_64-apple-macos10.15 -isysroot /Applications/Xcode.app/Contents/Developer/Platforms/MacOSX.platform/Developer/SDKs/MacOSX10.15.sdk -L/Users/eloy/Code/ReactNative/Hermes/build/CMakeFiles/CMakeTmp/Debug -F/Users/eloy/Code/ReactNative/Hermes/build/CMakeFiles/CMakeTmp/Debug -filelist /Users/eloy/Code/ReactNative/Hermes/build/CMakeFiles/CMakeTmp/CMAKE_TRY_COMPILE.build/Debug/cmTC_dc25f.build/Objects-normal/x86_64/cmTC_dc25f.LinkFileList -Xlinker -object_path_lto -Xlinker /Users/eloy/Code/ReactNative/Hermes/build/CMakeFiles/CMakeTmp/CMAKE_TRY_COMPILE.build/Debug/cmTC_dc25f.build/Objects-normal/x86_64/cmTC_dc25f_lto.o -Xlinker -no_deduplicate -Wl,-search_paths_first -Wl,-headerpad_max_install_names -Xlinker -dependency_info -Xlinker /Users/eloy/Code/ReactNative/Hermes/build/CMakeFiles/CMakeTmp/CMAKE_TRY_COMPILE.build/Debug/cmTC_dc25f.build/Objects-normal/x86_64/cmTC_dc25f_dependency_info.dat -o /Users/eloy/Code/ReactNative/Hermes/build/CMakeFiles/CMakeTmp/Debug/cmTC_dc25f

ProcessProductPackaging "" CMAKE_TRY_COMPILE.build/Debug/cmTC_dc25f.build/cmTC_dc25f.xcent
    cd /Users/eloy/Code/ReactNative/Hermes/build/CMakeFiles/CMakeTmp
    

Entitlements:

{
    "com.apple.security.get-task-allow" = 1;
}


    builtin-productPackagingUtility -entitlements -format xml -o /Users/eloy/Code/ReactNative/Hermes/build/CMakeFiles/CMakeTmp/CMAKE_TRY_COMPILE.build/Debug/cmTC_dc25f.build/cmTC_dc25f.xcent

CodeSign Debug/cmTC_dc25f
    cd /Users/eloy/Code/ReactNative/Hermes/build/CMakeFiles/CMakeTmp
    
Signing Identity:     "-"

    /usr/bin/codesign --force --sign - --entitlements /Users/eloy/Code/ReactNative/Hermes/build/CMakeFiles/CMakeTmp/CMAKE_TRY_COMPILE.build/Debug/cmTC_dc25f.build/cmTC_dc25f.xcent --timestamp=none /Users/eloy/Code/ReactNative/Hermes/build/CMakeFiles/CMakeTmp/Debug/cmTC_dc25f

** BUILD SUCCEEDED **



Source file was:
int main() { return 0; }
Determining if the include file link.h exists failed with the following output:
Change Dir: /Users/eloy/Code/ReactNative/Hermes/build/CMakeFiles/CMakeTmp

Run Build Command(s):/usr/bin/xcodebuild -project CMAKE_TRY_COMPILE.xcodeproj build -target cmTC_46cb3 -configuration Debug -hideShellScriptEnvironment && Command line invocation:
    /Applications/Xcode.app/Contents/Developer/usr/bin/xcodebuild -project CMAKE_TRY_COMPILE.xcodeproj build -target cmTC_46cb3 -configuration Debug -hideShellScriptEnvironment

User defaults from command line:
    HideShellScriptEnvironment = YES

Prepare build
note: Using legacy build system
=== BUILD TARGET cmTC_46cb3 OF PROJECT CMAKE_TRY_COMPILE WITH CONFIGURATION Debug ===

Check dependencies

Write auxiliary files
/bin/mkdir -p /Users/eloy/Code/ReactNative/Hermes/build/CMakeFiles/CMakeTmp/CMAKE_TRY_COMPILE.build/Debug/cmTC_46cb3.build/Objects-normal/x86_64
write-file /Users/eloy/Code/ReactNative/Hermes/build/CMakeFiles/CMakeTmp/CMAKE_TRY_COMPILE.build/Debug/cmTC_46cb3.build/Objects-normal/x86_64/cmTC_46cb3.LinkFileList

CompileC CMAKE_TRY_COMPILE.build/Debug/cmTC_46cb3.build/Objects-normal/x86_64/CheckIncludeFile.o CheckIncludeFile.c normal x86_64 c com.apple.compilers.llvm.clang.1_0.compiler
    cd /Users/eloy/Code/ReactNative/Hermes/build/CMakeFiles/CMakeTmp
    /Applications/Xcode.app/Contents/Developer/Toolchains/XcodeDefault.xctoolchain/usr/bin/clang -x c -target x86_64-apple-macos10.15 -fmessage-length=0 -fdiagnostics-show-note-include-stack -fmacro-backtrace-limit=0 -Wno-trigraphs -fpascal-strings -O0 -Wno-missing-field-initializers -Wno-missing-prototypes -Wno-return-type -Wno-missing-braces -Wparentheses -Wswitch -Wno-unused-function -Wno-unused-label -Wno-unused-parameter -Wno-unused-variable -Wunused-value -Wno-empty-body -Wno-uninitialized -Wno-unknown-pragmas -Wno-shadow -Wno-four-char-constants -Wno-conversion -Wno-constant-conversion -Wno-int-conversion -Wno-bool-conversion -Wno-enum-conversion -Wno-float-conversion -Wno-non-literal-null-conversion -Wno-objc-literal-conversion -Wno-shorten-64-to-32 -Wpointer-sign -Wno-newline-eof -DCMAKE_INTDIR=\"Debug\" -isysroot /Applications/Xcode.app/Contents/Developer/Platforms/MacOSX.platform/Developer/SDKs/MacOSX10.15.sdk -fasm-blocks -fstrict-aliasing -Wdeprecated-declarations -g -Wno-sign-conversion -Wno-infinite-recursion -Wno-comma -Wno-block-capture-autoreleasing -Wno-strict-prototypes -Wno-semicolon-before-method-body -I/Users/eloy/Code/ReactNative/Hermes/build/CMakeFiles/CMakeTmp/Debug/include -I/Users/eloy/Code/ReactNative/Hermes/build/CMakeFiles/CMakeTmp/CMAKE_TRY_COMPILE.build/Debug/cmTC_46cb3.build/DerivedSources-normal/x86_64 -I/Users/eloy/Code/ReactNative/Hermes/build/CMakeFiles/CMakeTmp/CMAKE_TRY_COMPILE.build/Debug/cmTC_46cb3.build/DerivedSources/x86_64 -I/Users/eloy/Code/ReactNative/Hermes/build/CMakeFiles/CMakeTmp/CMAKE_TRY_COMPILE.build/Debug/cmTC_46cb3.build/DerivedSources -Wmost -Wno-four-char-constants -Wno-unknown-pragmas -F/Users/eloy/Code/ReactNative/Hermes/build/CMakeFiles/CMakeTmp/Debug -Wall -Wextra -Wno-unused-parameter -Wwrite-strings -Wmissing-field-initializers -Wdelete-non-virtual-dtor -MMD -MT dependencies -MF /Users/eloy/Code/ReactNative/Hermes/build/CMakeFiles/CMakeTmp/CMAKE_TRY_COMPILE.build/Debug/cmTC_46cb3.build/Objects-normal/x86_64/CheckIncludeFile.d --serialize-diagnostics /Users/eloy/Code/ReactNative/Hermes/build/CMakeFiles/CMakeTmp/CMAKE_TRY_COMPILE.build/Debug/cmTC_46cb3.build/Objects-normal/x86_64/CheckIncludeFile.dia -c /Users/eloy/Code/ReactNative/Hermes/build/CMakeFiles/CMakeTmp/CheckIncludeFile.c -o /Users/eloy/Code/ReactNative/Hermes/build/CMakeFiles/CMakeTmp/CMAKE_TRY_COMPILE.build/Debug/cmTC_46cb3.build/Objects-normal/x86_64/CheckIncludeFile.o
2020-04-24 16:41:06.932 xcodebuild[29135:243394]  DTDeviceKit: deviceType from d22a1a23e2ce6ba03a3b8ea6aa30b1a4c1d86487 was NULL
/Users/eloy/Code/ReactNative/Hermes/build/CMakeFiles/CMakeTmp/CheckIncludeFile.c:1:10: fatal error: 'link.h' file not found
#include <link.h>
         ^~~~~~~~
1 error generated.

** BUILD FAILED **


The following build commands failed:
	CompileC CMAKE_TRY_COMPILE.build/Debug/cmTC_46cb3.build/Objects-normal/x86_64/CheckIncludeFile.o CheckIncludeFile.c normal x86_64 c com.apple.compilers.llvm.clang.1_0.compiler
(1 failure)



Determining if the include file malloc.h exists failed with the following output:
Change Dir: /Users/eloy/Code/ReactNative/Hermes/build/CMakeFiles/CMakeTmp

Run Build Command(s):/usr/bin/xcodebuild -project CMAKE_TRY_COMPILE.xcodeproj build -target cmTC_05c09 -configuration Debug -hideShellScriptEnvironment && Command line invocation:
    /Applications/Xcode.app/Contents/Developer/usr/bin/xcodebuild -project CMAKE_TRY_COMPILE.xcodeproj build -target cmTC_05c09 -configuration Debug -hideShellScriptEnvironment

User defaults from command line:
    HideShellScriptEnvironment = YES

Prepare build
note: Using legacy build system
=== BUILD TARGET cmTC_05c09 OF PROJECT CMAKE_TRY_COMPILE WITH CONFIGURATION Debug ===

Check dependencies

Write auxiliary files
/bin/mkdir -p /Users/eloy/Code/ReactNative/Hermes/build/CMakeFiles/CMakeTmp/CMAKE_TRY_COMPILE.build/Debug/cmTC_05c09.build/Objects-normal/x86_64
write-file /Users/eloy/Code/ReactNative/Hermes/build/CMakeFiles/CMakeTmp/CMAKE_TRY_COMPILE.build/Debug/cmTC_05c09.build/Objects-normal/x86_64/cmTC_05c09.LinkFileList

CompileC CMAKE_TRY_COMPILE.build/Debug/cmTC_05c09.build/Objects-normal/x86_64/CheckIncludeFile.o CheckIncludeFile.c normal x86_64 c com.apple.compilers.llvm.clang.1_0.compiler
    cd /Users/eloy/Code/ReactNative/Hermes/build/CMakeFiles/CMakeTmp
    /Applications/Xcode.app/Contents/Developer/Toolchains/XcodeDefault.xctoolchain/usr/bin/clang -x c -target x86_64-apple-macos10.15 -fmessage-length=0 -fdiagnostics-show-note-include-stack -fmacro-backtrace-limit=0 -Wno-trigraphs -fpascal-strings -O0 -Wno-missing-field-initializers -Wno-missing-prototypes -Wno-return-type -Wno-missing-braces -Wparentheses -Wswitch -Wno-unused-function -Wno-unused-label -Wno-unused-parameter -Wno-unused-variable -Wunused-value -Wno-empty-body -Wno-uninitialized -Wno-unknown-pragmas -Wno-shadow -Wno-four-char-constants -Wno-conversion -Wno-constant-conversion -Wno-int-conversion -Wno-bool-conversion -Wno-enum-conversion -Wno-float-conversion -Wno-non-literal-null-conversion -Wno-objc-literal-conversion -Wno-shorten-64-to-32 -Wpointer-sign -Wno-newline-eof -DCMAKE_INTDIR=\"Debug\" -isysroot /Applications/Xcode.app/Contents/Developer/Platforms/MacOSX.platform/Developer/SDKs/MacOSX10.15.sdk -fasm-blocks -fstrict-aliasing -Wdeprecated-declarations -g -Wno-sign-conversion -Wno-infinite-recursion -Wno-comma -Wno-block-capture-autoreleasing -Wno-strict-prototypes -Wno-semicolon-before-method-body -I/Users/eloy/Code/ReactNative/Hermes/build/CMakeFiles/CMakeTmp/Debug/include -I/Users/eloy/Code/ReactNative/Hermes/build/CMakeFiles/CMakeTmp/CMAKE_TRY_COMPILE.build/Debug/cmTC_05c09.build/DerivedSources-normal/x86_64 -I/Users/eloy/Code/ReactNative/Hermes/build/CMakeFiles/CMakeTmp/CMAKE_TRY_COMPILE.build/Debug/cmTC_05c09.build/DerivedSources/x86_64 -I/Users/eloy/Code/ReactNative/Hermes/build/CMakeFiles/CMakeTmp/CMAKE_TRY_COMPILE.build/Debug/cmTC_05c09.build/DerivedSources -Wmost -Wno-four-char-constants -Wno-unknown-pragmas -F/Users/eloy/Code/ReactNative/Hermes/build/CMakeFiles/CMakeTmp/Debug -Wall -Wextra -Wno-unused-parameter -Wwrite-strings -Wmissing-field-initializers -Wdelete-non-virtual-dtor -MMD -MT dependencies -MF /Users/eloy/Code/ReactNative/Hermes/build/CMakeFiles/CMakeTmp/CMAKE_TRY_COMPILE.build/Debug/cmTC_05c09.build/Objects-normal/x86_64/CheckIncludeFile.d --serialize-diagnostics /Users/eloy/Code/ReactNative/Hermes/build/CMakeFiles/CMakeTmp/CMAKE_TRY_COMPILE.build/Debug/cmTC_05c09.build/Objects-normal/x86_64/CheckIncludeFile.dia -c /Users/eloy/Code/ReactNative/Hermes/build/CMakeFiles/CMakeTmp/CheckIncludeFile.c -o /Users/eloy/Code/ReactNative/Hermes/build/CMakeFiles/CMakeTmp/CMAKE_TRY_COMPILE.build/Debug/cmTC_05c09.build/Objects-normal/x86_64/CheckIncludeFile.o
2020-04-24 16:41:07.730 xcodebuild[29148:243480]  DTDeviceKit: deviceType from d22a1a23e2ce6ba03a3b8ea6aa30b1a4c1d86487 was NULL
/Users/eloy/Code/ReactNative/Hermes/build/CMakeFiles/CMakeTmp/CheckIncludeFile.c:1:10: fatal error: 'malloc.h' file not found
#include <malloc.h>
         ^~~~~~~~~~
1 error generated.

** BUILD FAILED **


The following build commands failed:
	CompileC CMAKE_TRY_COMPILE.build/Debug/cmTC_05c09.build/Objects-normal/x86_64/CheckIncludeFile.o CheckIncludeFile.c normal x86_64 c com.apple.compilers.llvm.clang.1_0.compiler
(1 failure)



Determining if the include file valgrind/valgrind.h exists failed with the following output:
Change Dir: /Users/eloy/Code/ReactNative/Hermes/build/CMakeFiles/CMakeTmp

Run Build Command(s):/usr/bin/xcodebuild -project CMAKE_TRY_COMPILE.xcodeproj build -target cmTC_af1f6 -configuration Debug -hideShellScriptEnvironment && Command line invocation:
    /Applications/Xcode.app/Contents/Developer/usr/bin/xcodebuild -project CMAKE_TRY_COMPILE.xcodeproj build -target cmTC_af1f6 -configuration Debug -hideShellScriptEnvironment

User defaults from command line:
    HideShellScriptEnvironment = YES

Prepare build
note: Using legacy build system
=== BUILD TARGET cmTC_af1f6 OF PROJECT CMAKE_TRY_COMPILE WITH CONFIGURATION Debug ===

Check dependencies
2020-04-24 16:41:20.164 xcodebuild[29353:246116]  DTDeviceKit: deviceType from d22a1a23e2ce6ba03a3b8ea6aa30b1a4c1d86487 was NULL

Write auxiliary files
/bin/mkdir -p /Users/eloy/Code/ReactNative/Hermes/build/CMakeFiles/CMakeTmp/CMAKE_TRY_COMPILE.build/Debug/cmTC_af1f6.build/Objects-normal/x86_64
write-file /Users/eloy/Code/ReactNative/Hermes/build/CMakeFiles/CMakeTmp/CMAKE_TRY_COMPILE.build/Debug/cmTC_af1f6.build/Objects-normal/x86_64/cmTC_af1f6.LinkFileList

CompileC CMAKE_TRY_COMPILE.build/Debug/cmTC_af1f6.build/Objects-normal/x86_64/CheckIncludeFile.o CheckIncludeFile.c normal x86_64 c com.apple.compilers.llvm.clang.1_0.compiler
    cd /Users/eloy/Code/ReactNative/Hermes/build/CMakeFiles/CMakeTmp
    /Applications/Xcode.app/Contents/Developer/Toolchains/XcodeDefault.xctoolchain/usr/bin/clang -x c -target x86_64-apple-macos10.15 -fmessage-length=0 -fdiagnostics-show-note-include-stack -fmacro-backtrace-limit=0 -Wno-trigraphs -fpascal-strings -O0 -Wno-missing-field-initializers -Wno-missing-prototypes -Wno-return-type -Wno-missing-braces -Wparentheses -Wswitch -Wno-unused-function -Wno-unused-label -Wno-unused-parameter -Wno-unused-variable -Wunused-value -Wno-empty-body -Wno-uninitialized -Wno-unknown-pragmas -Wno-shadow -Wno-four-char-constants -Wno-conversion -Wno-constant-conversion -Wno-int-conversion -Wno-bool-conversion -Wno-enum-conversion -Wno-float-conversion -Wno-non-literal-null-conversion -Wno-objc-literal-conversion -Wno-shorten-64-to-32 -Wpointer-sign -Wno-newline-eof -DCMAKE_INTDIR=\"Debug\" -isysroot /Applications/Xcode.app/Contents/Developer/Platforms/MacOSX.platform/Developer/SDKs/MacOSX10.15.sdk -fasm-blocks -fstrict-aliasing -Wdeprecated-declarations -g -Wno-sign-conversion -Wno-infinite-recursion -Wno-comma -Wno-block-capture-autoreleasing -Wno-strict-prototypes -Wno-semicolon-before-method-body -I/Users/eloy/Code/ReactNative/Hermes/build/CMakeFiles/CMakeTmp/Debug/include -I/Users/eloy/Code/ReactNative/Hermes/build/CMakeFiles/CMakeTmp/CMAKE_TRY_COMPILE.build/Debug/cmTC_af1f6.build/DerivedSources-normal/x86_64 -I/Users/eloy/Code/ReactNative/Hermes/build/CMakeFiles/CMakeTmp/CMAKE_TRY_COMPILE.build/Debug/cmTC_af1f6.build/DerivedSources/x86_64 -I/Users/eloy/Code/ReactNative/Hermes/build/CMakeFiles/CMakeTmp/CMAKE_TRY_COMPILE.build/Debug/cmTC_af1f6.build/DerivedSources -Wmost -Wno-four-char-constants -Wno-unknown-pragmas -F/Users/eloy/Code/ReactNative/Hermes/build/CMakeFiles/CMakeTmp/Debug -Wall -Wextra -Wno-unused-parameter -Wwrite-strings -Wmissing-field-initializers -Wdelete-non-virtual-dtor -MMD -MT dependencies -MF /Users/eloy/Code/ReactNative/Hermes/build/CMakeFiles/CMakeTmp/CMAKE_TRY_COMPILE.build/Debug/cmTC_af1f6.build/Objects-normal/x86_64/CheckIncludeFile.d --serialize-diagnostics /Users/eloy/Code/ReactNative/Hermes/build/CMakeFiles/CMakeTmp/CMAKE_TRY_COMPILE.build/Debug/cmTC_af1f6.build/Objects-normal/x86_64/CheckIncludeFile.dia -c /Users/eloy/Code/ReactNative/Hermes/build/CMakeFiles/CMakeTmp/CheckIncludeFile.c -o /Users/eloy/Code/ReactNative/Hermes/build/CMakeFiles/CMakeTmp/CMAKE_TRY_COMPILE.build/Debug/cmTC_af1f6.build/Objects-normal/x86_64/CheckIncludeFile.o
/Users/eloy/Code/ReactNative/Hermes/build/CMakeFiles/CMakeTmp/CheckIncludeFile.c:1:10: fatal error: 'valgrind/valgrind.h' file not found
#include <valgrind/valgrind.h>
         ^~~~~~~~~~~~~~~~~~~~~
1 error generated.

** BUILD FAILED **


The following build commands failed:
	CompileC CMAKE_TRY_COMPILE.build/Debug/cmTC_af1f6.build/Objects-normal/x86_64/CheckIncludeFile.o CheckIncludeFile.c normal x86_64 c com.apple.compilers.llvm.clang.1_0.compiler
(1 failure)



Determining if the include file CrashReporterClient.h exists failed with the following output:
Change Dir: /Users/eloy/Code/ReactNative/Hermes/build/CMakeFiles/CMakeTmp

Run Build Command(s):/usr/bin/xcodebuild -project CMAKE_TRY_COMPILE.xcodeproj build -target cmTC_b102b -configuration Debug -hideShellScriptEnvironment && Command line invocation:
    /Applications/Xcode.app/Contents/Developer/usr/bin/xcodebuild -project CMAKE_TRY_COMPILE.xcodeproj build -target cmTC_b102b -configuration Debug -hideShellScriptEnvironment

User defaults from command line:
    HideShellScriptEnvironment = YES

Prepare build
note: Using legacy build system
=== BUILD TARGET cmTC_b102b OF PROJECT CMAKE_TRY_COMPILE WITH CONFIGURATION Debug ===

Check dependencies

Write auxiliary files
/bin/mkdir -p /Users/eloy/Code/ReactNative/Hermes/build/CMakeFiles/CMakeTmp/CMAKE_TRY_COMPILE.build/Debug/cmTC_b102b.build/Objects-normal/x86_64
write-file /Users/eloy/Code/ReactNative/Hermes/build/CMakeFiles/CMakeTmp/CMAKE_TRY_COMPILE.build/Debug/cmTC_b102b.build/Objects-normal/x86_64/cmTC_b102b.LinkFileList

CompileC CMAKE_TRY_COMPILE.build/Debug/cmTC_b102b.build/Objects-normal/x86_64/CheckIncludeFile.o CheckIncludeFile.c normal x86_64 c com.apple.compilers.llvm.clang.1_0.compiler
    cd /Users/eloy/Code/ReactNative/Hermes/build/CMakeFiles/CMakeTmp
    /Applications/Xcode.app/Contents/Developer/Toolchains/XcodeDefault.xctoolchain/usr/bin/clang -x c -target x86_64-apple-macos10.15 -fmessage-length=0 -fdiagnostics-show-note-include-stack -fmacro-backtrace-limit=0 -Wno-trigraphs -fpascal-strings -O0 -Wno-missing-field-initializers -Wno-missing-prototypes -Wno-return-type -Wno-missing-braces -Wparentheses -Wswitch -Wno-unused-function -Wno-unused-label -Wno-unused-parameter -Wno-unused-variable -Wunused-value -Wno-empty-body -Wno-uninitialized -Wno-unknown-pragmas -Wno-shadow -Wno-four-char-constants -Wno-conversion -Wno-constant-conversion -Wno-int-conversion -Wno-bool-conversion -Wno-enum-conversion -Wno-float-conversion -Wno-non-literal-null-conversion -Wno-objc-literal-conversion -Wno-shorten-64-to-32 -Wpointer-sign -Wno-newline-eof -DCMAKE_INTDIR=\"Debug\" -isysroot /Applications/Xcode.app/Contents/Developer/Platforms/MacOSX.platform/Developer/SDKs/MacOSX10.15.sdk -fasm-blocks -fstrict-aliasing -Wdeprecated-declarations -g -Wno-sign-conversion -Wno-infinite-recursion -Wno-comma -Wno-block-capture-autoreleasing -Wno-strict-prototypes -Wno-semicolon-before-method-body -I/Users/eloy/Code/ReactNative/Hermes/build/CMakeFiles/CMakeTmp/Debug/include -I/Users/eloy/Code/ReactNative/Hermes/build/CMakeFiles/CMakeTmp/CMAKE_TRY_COMPILE.build/Debug/cmTC_b102b.build/DerivedSources-normal/x86_64 -I/Users/eloy/Code/ReactNative/Hermes/build/CMakeFiles/CMakeTmp/CMAKE_TRY_COMPILE.build/Debug/cmTC_b102b.build/DerivedSources/x86_64 -I/Users/eloy/Code/ReactNative/Hermes/build/CMakeFiles/CMakeTmp/CMAKE_TRY_COMPILE.build/Debug/cmTC_b102b.build/DerivedSources -Wmost -Wno-four-char-constants -Wno-unknown-pragmas -F/Users/eloy/Code/ReactNative/Hermes/build/CMakeFiles/CMakeTmp/Debug -Wall -Wextra -Wno-unused-parameter -Wwrite-strings -Wmissing-field-initializers -Wdelete-non-virtual-dtor -MMD -MT dependencies -MF /Users/eloy/Code/ReactNative/Hermes/build/CMakeFiles/CMakeTmp/CMAKE_TRY_COMPILE.build/Debug/cmTC_b102b.build/Objects-normal/x86_64/CheckIncludeFile.d --serialize-diagnostics /Users/eloy/Code/ReactNative/Hermes/build/CMakeFiles/CMakeTmp/CMAKE_TRY_COMPILE.build/Debug/cmTC_b102b.build/Objects-normal/x86_64/CheckIncludeFile.dia -c /Users/eloy/Code/ReactNative/Hermes/build/CMakeFiles/CMakeTmp/CheckIncludeFile.c -o /Users/eloy/Code/ReactNative/Hermes/build/CMakeFiles/CMakeTmp/CMAKE_TRY_COMPILE.build/Debug/cmTC_b102b.build/Objects-normal/x86_64/CheckIncludeFile.o
2020-04-24 16:41:26.685 xcodebuild[29462:247465]  DTDeviceKit: deviceType from d22a1a23e2ce6ba03a3b8ea6aa30b1a4c1d86487 was NULL
/Users/eloy/Code/ReactNative/Hermes/build/CMakeFiles/CMakeTmp/CheckIncludeFile.c:1:10: fatal error: 'CrashReporterClient.h' file not found
#include <CrashReporterClient.h>
         ^~~~~~~~~~~~~~~~~~~~~~~
1 error generated.

** BUILD FAILED **


The following build commands failed:
	CompileC CMAKE_TRY_COMPILE.build/Debug/cmTC_b102b.build/Objects-normal/x86_64/CheckIncludeFile.o CheckIncludeFile.c normal x86_64 c com.apple.compilers.llvm.clang.1_0.compiler
(1 failure)



Determining if the function clock_gettime exists in the rt failed with the following output:
Change Dir: /Users/eloy/Code/ReactNative/Hermes/build/CMakeFiles/CMakeTmp

Run Build Command(s):/usr/bin/xcodebuild -project CMAKE_TRY_COMPILE.xcodeproj build -target cmTC_17b7d -configuration Debug -hideShellScriptEnvironment && Command line invocation:
    /Applications/Xcode.app/Contents/Developer/usr/bin/xcodebuild -project CMAKE_TRY_COMPILE.xcodeproj build -target cmTC_17b7d -configuration Debug -hideShellScriptEnvironment

User defaults from command line:
    HideShellScriptEnvironment = YES

Prepare build
note: Using legacy build system
=== BUILD TARGET cmTC_17b7d OF PROJECT CMAKE_TRY_COMPILE WITH CONFIGURATION Debug ===

Check dependencies

Write auxiliary files
/bin/mkdir -p /Users/eloy/Code/ReactNative/Hermes/build/CMakeFiles/CMakeTmp/CMAKE_TRY_COMPILE.build/Debug/cmTC_17b7d.build/Objects-normal/x86_64
write-file /Users/eloy/Code/ReactNative/Hermes/build/CMakeFiles/CMakeTmp/CMAKE_TRY_COMPILE.build/Debug/cmTC_17b7d.build/Objects-normal/x86_64/cmTC_17b7d.LinkFileList

CompileC CMAKE_TRY_COMPILE.build/Debug/cmTC_17b7d.build/Objects-normal/x86_64/CheckFunctionExists.o /usr/local/Cellar/cmake/3.15.3/share/cmake/Modules/CheckFunctionExists.c normal x86_64 c com.apple.compilers.llvm.clang.1_0.compiler
    cd /Users/eloy/Code/ReactNative/Hermes/build/CMakeFiles/CMakeTmp
    /Applications/Xcode.app/Contents/Developer/Toolchains/XcodeDefault.xctoolchain/usr/bin/clang -x c -target x86_64-apple-macos10.15 -fmessage-length=0 -fdiagnostics-show-note-include-stack -fmacro-backtrace-limit=0 -Wno-trigraphs -fpascal-strings -O0 -Wno-missing-field-initializers -Wno-missing-prototypes -Wno-return-type -Wno-missing-braces -Wparentheses -Wswitch -Wno-unused-function -Wno-unused-label -Wno-unused-parameter -Wno-unused-variable -Wunused-value -Wno-empty-body -Wno-uninitialized -Wno-unknown-pragmas -Wno-shadow -Wno-four-char-constants -Wno-conversion -Wno-constant-conversion -Wno-int-conversion -Wno-bool-conversion -Wno-enum-conversion -Wno-float-conversion -Wno-non-literal-null-conversion -Wno-objc-literal-conversion -Wno-shorten-64-to-32 -Wpointer-sign -Wno-newline-eof -DCMAKE_INTDIR=\"Debug\" -isysroot /Applications/Xcode.app/Contents/Developer/Platforms/MacOSX.platform/Developer/SDKs/MacOSX10.15.sdk -fasm-blocks -fstrict-aliasing -Wdeprecated-declarations -g -Wno-sign-conversion -Wno-infinite-recursion -Wno-comma -Wno-block-capture-autoreleasing -Wno-strict-prototypes -Wno-semicolon-before-method-body -I/Users/eloy/Code/ReactNative/Hermes/build/CMakeFiles/CMakeTmp/Debug/include -I/Users/eloy/Code/ReactNative/Hermes/build/CMakeFiles/CMakeTmp/CMAKE_TRY_COMPILE.build/Debug/cmTC_17b7d.build/DerivedSources-normal/x86_64 -I/Users/eloy/Code/ReactNative/Hermes/build/CMakeFiles/CMakeTmp/CMAKE_TRY_COMPILE.build/Debug/cmTC_17b7d.build/DerivedSources/x86_64 -I/Users/eloy/Code/ReactNative/Hermes/build/CMakeFiles/CMakeTmp/CMAKE_TRY_COMPILE.build/Debug/cmTC_17b7d.build/DerivedSources -Wmost -Wno-four-char-constants -Wno-unknown-pragmas -F/Users/eloy/Code/ReactNative/Hermes/build/CMakeFiles/CMakeTmp/Debug -Wall -Wextra -Wno-unused-parameter -Wwrite-strings -Wmissing-field-initializers -Wdelete-non-virtual-dtor -DCHECK_FUNCTION_EXISTS=clock_gettime -MMD -MT dependencies -MF /Users/eloy/Code/ReactNative/Hermes/build/CMakeFiles/CMakeTmp/CMAKE_TRY_COMPILE.build/Debug/cmTC_17b7d.build/Objects-normal/x86_64/CheckFunctionExists.d --serialize-diagnostics /Users/eloy/Code/ReactNative/Hermes/build/CMakeFiles/CMakeTmp/CMAKE_TRY_COMPILE.build/Debug/cmTC_17b7d.build/Objects-normal/x86_64/CheckFunctionExists.dia -c /usr/local/Cellar/cmake/3.15.3/share/cmake/Modules/CheckFunctionExists.c -o /Users/eloy/Code/ReactNative/Hermes/build/CMakeFiles/CMakeTmp/CMAKE_TRY_COMPILE.build/Debug/cmTC_17b7d.build/Objects-normal/x86_64/CheckFunctionExists.o
2020-04-24 16:41:33.109 xcodebuild[29573:248818]  DTDeviceKit: deviceType from d22a1a23e2ce6ba03a3b8ea6aa30b1a4c1d86487 was NULL

Ld Debug/cmTC_17b7d normal x86_64
    cd /Users/eloy/Code/ReactNative/Hermes/build/CMakeFiles/CMakeTmp
    /Applications/Xcode.app/Contents/Developer/Toolchains/XcodeDefault.xctoolchain/usr/bin/clang -target x86_64-apple-macos10.15 -isysroot /Applications/Xcode.app/Contents/Developer/Platforms/MacOSX.platform/Developer/SDKs/MacOSX10.15.sdk -L/Users/eloy/Code/ReactNative/Hermes/build/CMakeFiles/CMakeTmp/Debug -F/Users/eloy/Code/ReactNative/Hermes/build/CMakeFiles/CMakeTmp/Debug -filelist /Users/eloy/Code/ReactNative/Hermes/build/CMakeFiles/CMakeTmp/CMAKE_TRY_COMPILE.build/Debug/cmTC_17b7d.build/Objects-normal/x86_64/cmTC_17b7d.LinkFileList -Xlinker -object_path_lto -Xlinker /Users/eloy/Code/ReactNative/Hermes/build/CMakeFiles/CMakeTmp/CMAKE_TRY_COMPILE.build/Debug/cmTC_17b7d.build/Objects-normal/x86_64/cmTC_17b7d_lto.o -Xlinker -no_deduplicate -Wl,-search_paths_first -Wl,-headerpad_max_install_names -lrt -lm -Xlinker -dependency_info -Xlinker /Users/eloy/Code/ReactNative/Hermes/build/CMakeFiles/CMakeTmp/CMAKE_TRY_COMPILE.build/Debug/cmTC_17b7d.build/Objects-normal/x86_64/cmTC_17b7d_dependency_info.dat -o /Users/eloy/Code/ReactNative/Hermes/build/CMakeFiles/CMakeTmp/Debug/cmTC_17b7d
ld: library not found for -lrt
clang: error: linker command failed with exit code 1 (use -v to see invocation)

** BUILD FAILED **


The following build commands failed:
	Ld Debug/cmTC_17b7d normal x86_64
(1 failure)



Determining if the posix_fallocate exist failed with the following output:
Change Dir: /Users/eloy/Code/ReactNative/Hermes/build/CMakeFiles/CMakeTmp

Run Build Command(s):/usr/bin/xcodebuild -project CMAKE_TRY_COMPILE.xcodeproj build -target cmTC_1e8cf -configuration Debug -hideShellScriptEnvironment && Command line invocation:
    /Applications/Xcode.app/Contents/Developer/usr/bin/xcodebuild -project CMAKE_TRY_COMPILE.xcodeproj build -target cmTC_1e8cf -configuration Debug -hideShellScriptEnvironment

User defaults from command line:
    HideShellScriptEnvironment = YES

Prepare build
note: Using legacy build system
=== BUILD TARGET cmTC_1e8cf OF PROJECT CMAKE_TRY_COMPILE WITH CONFIGURATION Debug ===

Check dependencies

Write auxiliary files
/bin/mkdir -p /Users/eloy/Code/ReactNative/Hermes/build/CMakeFiles/CMakeTmp/CMAKE_TRY_COMPILE.build/Debug/cmTC_1e8cf.build/Objects-normal/x86_64
write-file /Users/eloy/Code/ReactNative/Hermes/build/CMakeFiles/CMakeTmp/CMAKE_TRY_COMPILE.build/Debug/cmTC_1e8cf.build/Objects-normal/x86_64/cmTC_1e8cf.LinkFileList

CompileC CMAKE_TRY_COMPILE.build/Debug/cmTC_1e8cf.build/Objects-normal/x86_64/CheckSymbolExists.o CheckSymbolExists.c normal x86_64 c com.apple.compilers.llvm.clang.1_0.compiler
    cd /Users/eloy/Code/ReactNative/Hermes/build/CMakeFiles/CMakeTmp
    /Applications/Xcode.app/Contents/Developer/Toolchains/XcodeDefault.xctoolchain/usr/bin/clang -x c -target x86_64-apple-macos10.15 -fmessage-length=0 -fdiagnostics-show-note-include-stack -fmacro-backtrace-limit=0 -Wno-trigraphs -fpascal-strings -O0 -Wno-missing-field-initializers -Wno-missing-prototypes -Wno-return-type -Wno-missing-braces -Wparentheses -Wswitch -Wno-unused-function -Wno-unused-label -Wno-unused-parameter -Wno-unused-variable -Wunused-value -Wno-empty-body -Wno-uninitialized -Wno-unknown-pragmas -Wno-shadow -Wno-four-char-constants -Wno-conversion -Wno-constant-conversion -Wno-int-conversion -Wno-bool-conversion -Wno-enum-conversion -Wno-float-conversion -Wno-non-literal-null-conversion -Wno-objc-literal-conversion -Wno-shorten-64-to-32 -Wpointer-sign -Wno-newline-eof -DCMAKE_INTDIR=\"Debug\" -isysroot /Applications/Xcode.app/Contents/Developer/Platforms/MacOSX.platform/Developer/SDKs/MacOSX10.15.sdk -fasm-blocks -fstrict-aliasing -Wdeprecated-declarations -g -Wno-sign-conversion -Wno-infinite-recursion -Wno-comma -Wno-block-capture-autoreleasing -Wno-strict-prototypes -Wno-semicolon-before-method-body -I/Users/eloy/Code/ReactNative/Hermes/build/CMakeFiles/CMakeTmp/Debug/include -I/Users/eloy/Code/ReactNative/Hermes/build/CMakeFiles/CMakeTmp/CMAKE_TRY_COMPILE.build/Debug/cmTC_1e8cf.build/DerivedSources-normal/x86_64 -I/Users/eloy/Code/ReactNative/Hermes/build/CMakeFiles/CMakeTmp/CMAKE_TRY_COMPILE.build/Debug/cmTC_1e8cf.build/DerivedSources/x86_64 -I/Users/eloy/Code/ReactNative/Hermes/build/CMakeFiles/CMakeTmp/CMAKE_TRY_COMPILE.build/Debug/cmTC_1e8cf.build/DerivedSources -Wmost -Wno-four-char-constants -Wno-unknown-pragmas -F/Users/eloy/Code/ReactNative/Hermes/build/CMakeFiles/CMakeTmp/Debug -Wall -Wextra -Wno-unused-parameter -Wwrite-strings -Wmissing-field-initializers -Wdelete-non-virtual-dtor -Werror=unguarded-availability-new -MMD -MT dependencies -MF /Users/eloy/Code/ReactNative/Hermes/build/CMakeFiles/CMakeTmp/CMAKE_TRY_COMPILE.build/Debug/cmTC_1e8cf.build/Objects-normal/x86_64/CheckSymbolExists.d --serialize-diagnostics /Users/eloy/Code/ReactNative/Hermes/build/CMakeFiles/CMakeTmp/CMAKE_TRY_COMPILE.build/Debug/cmTC_1e8cf.build/Objects-normal/x86_64/CheckSymbolExists.dia -c /Users/eloy/Code/ReactNative/Hermes/build/CMakeFiles/CMakeTmp/CheckSymbolExists.c -o /Users/eloy/Code/ReactNative/Hermes/build/CMakeFiles/CMakeTmp/CMAKE_TRY_COMPILE.build/Debug/cmTC_1e8cf.build/Objects-normal/x86_64/CheckSymbolExists.o
2020-04-24 16:41:47.543 xcodebuild[29811:251694]  DTDeviceKit: deviceType from d22a1a23e2ce6ba03a3b8ea6aa30b1a4c1d86487 was NULL
/Users/eloy/Code/ReactNative/Hermes/build/CMakeFiles/CMakeTmp/CheckSymbolExists.c:8:19: error: use of undeclared identifier 'posix_fallocate'
  return ((int*)(&posix_fallocate))[argc];
                  ^
1 error generated.

** BUILD FAILED **


The following build commands failed:
	CompileC CMAKE_TRY_COMPILE.build/Debug/cmTC_1e8cf.build/Objects-normal/x86_64/CheckSymbolExists.o CheckSymbolExists.c normal x86_64 c com.apple.compilers.llvm.clang.1_0.compiler
(1 failure)


File /Users/eloy/Code/ReactNative/Hermes/build/CMakeFiles/CMakeTmp/CheckSymbolExists.c:
/* */
#include <fcntl.h>

int main(int argc, char** argv)
{
  (void)argv;
#ifndef posix_fallocate
  return ((int*)(&posix_fallocate))[argc];
#else
  (void)argc;
  return 0;
#endif
}

Determining if the lseek64 exist failed with the following output:
Change Dir: /Users/eloy/Code/ReactNative/Hermes/build/CMakeFiles/CMakeTmp

Run Build Command(s):/usr/bin/xcodebuild -project CMAKE_TRY_COMPILE.xcodeproj build -target cmTC_487d0 -configuration Debug -hideShellScriptEnvironment && Command line invocation:
    /Applications/Xcode.app/Contents/Developer/usr/bin/xcodebuild -project CMAKE_TRY_COMPILE.xcodeproj build -target cmTC_487d0 -configuration Debug -hideShellScriptEnvironment

User defaults from command line:
    HideShellScriptEnvironment = YES

Prepare build
note: Using legacy build system
=== BUILD TARGET cmTC_487d0 OF PROJECT CMAKE_TRY_COMPILE WITH CONFIGURATION Debug ===

Check dependencies

Write auxiliary files
/bin/mkdir -p /Users/eloy/Code/ReactNative/Hermes/build/CMakeFiles/CMakeTmp/CMAKE_TRY_COMPILE.build/Debug/cmTC_487d0.build/Objects-normal/x86_64
write-file /Users/eloy/Code/ReactNative/Hermes/build/CMakeFiles/CMakeTmp/CMAKE_TRY_COMPILE.build/Debug/cmTC_487d0.build/Objects-normal/x86_64/cmTC_487d0.LinkFileList

CompileC CMAKE_TRY_COMPILE.build/Debug/cmTC_487d0.build/Objects-normal/x86_64/CheckSymbolExists.o CheckSymbolExists.c normal x86_64 c com.apple.compilers.llvm.clang.1_0.compiler
    cd /Users/eloy/Code/ReactNative/Hermes/build/CMakeFiles/CMakeTmp
    /Applications/Xcode.app/Contents/Developer/Toolchains/XcodeDefault.xctoolchain/usr/bin/clang -x c -target x86_64-apple-macos10.15 -fmessage-length=0 -fdiagnostics-show-note-include-stack -fmacro-backtrace-limit=0 -Wno-trigraphs -fpascal-strings -O0 -Wno-missing-field-initializers -Wno-missing-prototypes -Wno-return-type -Wno-missing-braces -Wparentheses -Wswitch -Wno-unused-function -Wno-unused-label -Wno-unused-parameter -Wno-unused-variable -Wunused-value -Wno-empty-body -Wno-uninitialized -Wno-unknown-pragmas -Wno-shadow -Wno-four-char-constants -Wno-conversion -Wno-constant-conversion -Wno-int-conversion -Wno-bool-conversion -Wno-enum-conversion -Wno-float-conversion -Wno-non-literal-null-conversion -Wno-objc-literal-conversion -Wno-shorten-64-to-32 -Wpointer-sign -Wno-newline-eof -DCMAKE_INTDIR=\"Debug\" -D_LARGEFILE64_SOURCE -isysroot /Applications/Xcode.app/Contents/Developer/Platforms/MacOSX.platform/Developer/SDKs/MacOSX10.15.sdk -fasm-blocks -fstrict-aliasing -Wdeprecated-declarations -g -Wno-sign-conversion -Wno-infinite-recursion -Wno-comma -Wno-block-capture-autoreleasing -Wno-strict-prototypes -Wno-semicolon-before-method-body -I/Users/eloy/Code/ReactNative/Hermes/build/CMakeFiles/CMakeTmp/Debug/include -I/Users/eloy/Code/ReactNative/Hermes/build/CMakeFiles/CMakeTmp/CMAKE_TRY_COMPILE.build/Debug/cmTC_487d0.build/DerivedSources-normal/x86_64 -I/Users/eloy/Code/ReactNative/Hermes/build/CMakeFiles/CMakeTmp/CMAKE_TRY_COMPILE.build/Debug/cmTC_487d0.build/DerivedSources/x86_64 -I/Users/eloy/Code/ReactNative/Hermes/build/CMakeFiles/CMakeTmp/CMAKE_TRY_COMPILE.build/Debug/cmTC_487d0.build/DerivedSources -Wmost -Wno-four-char-constants -Wno-unknown-pragmas -F/Users/eloy/Code/ReactNative/Hermes/build/CMakeFiles/CMakeTmp/Debug -Wall -Wextra -Wno-unused-parameter -Wwrite-strings -Wmissing-field-initializers -Wdelete-non-virtual-dtor -Werror=unguarded-availability-new -MMD -MT dependencies -MF /Users/eloy/Code/ReactNative/Hermes/build/CMakeFiles/CMakeTmp/CMAKE_TRY_COMPILE.build/Debug/cmTC_487d0.build/Objects-normal/x86_64/CheckSymbolExists.d --serialize-diagnostics /Users/eloy/Code/ReactNative/Hermes/build/CMakeFiles/CMakeTmp/CMAKE_TRY_COMPILE.build/Debug/cmTC_487d0.build/Objects-normal/x86_64/CheckSymbolExists.dia -c /Users/eloy/Code/ReactNative/Hermes/build/CMakeFiles/CMakeTmp/CheckSymbolExists.c -o /Users/eloy/Code/ReactNative/Hermes/build/CMakeFiles/CMakeTmp/CMAKE_TRY_COMPILE.build/Debug/cmTC_487d0.build/Objects-normal/x86_64/CheckSymbolExists.o
2020-04-24 16:41:48.390 xcodebuild[29824:251953]  DTDeviceKit: deviceType from d22a1a23e2ce6ba03a3b8ea6aa30b1a4c1d86487 was NULL
/Users/eloy/Code/ReactNative/Hermes/build/CMakeFiles/CMakeTmp/CheckSymbolExists.c:9:19: error: use of undeclared identifier 'lseek64'; did you mean 'lseek'?
  return ((int*)(&lseek64))[argc];
                  ^~~~~~~
                  lseek
In file included from /Users/eloy/Code/ReactNative/Hermes/build/CMakeFiles/CMakeTmp/CheckSymbolExists.c:3:
/Applications/Xcode.app/Contents/Developer/Platforms/MacOSX.platform/Developer/SDKs/MacOSX10.15.sdk/usr/include/unistd.h:465:8: note: 'lseek' declared here
off_t    lseek(int, off_t, int);
         ^
1 error generated.

** BUILD FAILED **


The following build commands failed:
	CompileC CMAKE_TRY_COMPILE.build/Debug/cmTC_487d0.build/Objects-normal/x86_64/CheckSymbolExists.o CheckSymbolExists.c normal x86_64 c com.apple.compilers.llvm.clang.1_0.compiler
(1 failure)


File /Users/eloy/Code/ReactNative/Hermes/build/CMakeFiles/CMakeTmp/CheckSymbolExists.c:
/* */
#include <sys/types.h>
#include <unistd.h>

int main(int argc, char** argv)
{
  (void)argv;
#ifndef lseek64
  return ((int*)(&lseek64))[argc];
#else
  (void)argc;
  return 0;
#endif
}

Determining if the mallctl exist failed with the following output:
Change Dir: /Users/eloy/Code/ReactNative/Hermes/build/CMakeFiles/CMakeTmp

Run Build Command(s):/usr/bin/xcodebuild -project CMAKE_TRY_COMPILE.xcodeproj build -target cmTC_279c4 -configuration Debug -hideShellScriptEnvironment && Command line invocation:
    /Applications/Xcode.app/Contents/Developer/usr/bin/xcodebuild -project CMAKE_TRY_COMPILE.xcodeproj build -target cmTC_279c4 -configuration Debug -hideShellScriptEnvironment

User defaults from command line:
    HideShellScriptEnvironment = YES

Prepare build
note: Using legacy build system
=== BUILD TARGET cmTC_279c4 OF PROJECT CMAKE_TRY_COMPILE WITH CONFIGURATION Debug ===

Check dependencies

Write auxiliary files
/bin/mkdir -p /Users/eloy/Code/ReactNative/Hermes/build/CMakeFiles/CMakeTmp/CMAKE_TRY_COMPILE.build/Debug/cmTC_279c4.build/Objects-normal/x86_64
write-file /Users/eloy/Code/ReactNative/Hermes/build/CMakeFiles/CMakeTmp/CMAKE_TRY_COMPILE.build/Debug/cmTC_279c4.build/Objects-normal/x86_64/cmTC_279c4.LinkFileList

CompileC CMAKE_TRY_COMPILE.build/Debug/cmTC_279c4.build/Objects-normal/x86_64/CheckSymbolExists.o CheckSymbolExists.c normal x86_64 c com.apple.compilers.llvm.clang.1_0.compiler
    cd /Users/eloy/Code/ReactNative/Hermes/build/CMakeFiles/CMakeTmp
    /Applications/Xcode.app/Contents/Developer/Toolchains/XcodeDefault.xctoolchain/usr/bin/clang -x c -target x86_64-apple-macos10.15 -fmessage-length=0 -fdiagnostics-show-note-include-stack -fmacro-backtrace-limit=0 -Wno-trigraphs -fpascal-strings -O0 -Wno-missing-field-initializers -Wno-missing-prototypes -Wno-return-type -Wno-missing-braces -Wparentheses -Wswitch -Wno-unused-function -Wno-unused-label -Wno-unused-parameter -Wno-unused-variable -Wunused-value -Wno-empty-body -Wno-uninitialized -Wno-unknown-pragmas -Wno-shadow -Wno-four-char-constants -Wno-conversion -Wno-constant-conversion -Wno-int-conversion -Wno-bool-conversion -Wno-enum-conversion -Wno-float-conversion -Wno-non-literal-null-conversion -Wno-objc-literal-conversion -Wno-shorten-64-to-32 -Wpointer-sign -Wno-newline-eof -DCMAKE_INTDIR=\"Debug\" -isysroot /Applications/Xcode.app/Contents/Developer/Platforms/MacOSX.platform/Developer/SDKs/MacOSX10.15.sdk -fasm-blocks -fstrict-aliasing -Wdeprecated-declarations -g -Wno-sign-conversion -Wno-infinite-recursion -Wno-comma -Wno-block-capture-autoreleasing -Wno-strict-prototypes -Wno-semicolon-before-method-body -I/Users/eloy/Code/ReactNative/Hermes/build/CMakeFiles/CMakeTmp/Debug/include -I/Users/eloy/Code/ReactNative/Hermes/build/CMakeFiles/CMakeTmp/CMAKE_TRY_COMPILE.build/Debug/cmTC_279c4.build/DerivedSources-normal/x86_64 -I/Users/eloy/Code/ReactNative/Hermes/build/CMakeFiles/CMakeTmp/CMAKE_TRY_COMPILE.build/Debug/cmTC_279c4.build/DerivedSources/x86_64 -I/Users/eloy/Code/ReactNative/Hermes/build/CMakeFiles/CMakeTmp/CMAKE_TRY_COMPILE.build/Debug/cmTC_279c4.build/DerivedSources -Wmost -Wno-four-char-constants -Wno-unknown-pragmas -F/Users/eloy/Code/ReactNative/Hermes/build/CMakeFiles/CMakeTmp/Debug -Wall -Wextra -Wno-unused-parameter -Wwrite-strings -Wmissing-field-initializers -Wdelete-non-virtual-dtor -Werror=unguarded-availability-new -MMD -MT dependencies -MF /Users/eloy/Code/ReactNative/Hermes/build/CMakeFiles/CMakeTmp/CMAKE_TRY_COMPILE.build/Debug/cmTC_279c4.build/Objects-normal/x86_64/CheckSymbolExists.d --serialize-diagnostics /Users/eloy/Code/ReactNative/Hermes/build/CMakeFiles/CMakeTmp/CMAKE_TRY_COMPILE.build/Debug/cmTC_279c4.build/Objects-normal/x86_64/CheckSymbolExists.dia -c /Users/eloy/Code/ReactNative/Hermes/build/CMakeFiles/CMakeTmp/CheckSymbolExists.c -o /Users/eloy/Code/ReactNative/Hermes/build/CMakeFiles/CMakeTmp/CMAKE_TRY_COMPILE.build/Debug/cmTC_279c4.build/Objects-normal/x86_64/CheckSymbolExists.o
/Users/eloy/Code/ReactNative/Hermes/build/CMakeFiles/CMakeTmp/CheckSymbolExists.c:2:10: fatal error: 'malloc_np.h' file not found
#include <malloc_np.h>
         ^~~~~~~~~~~~~
1 error generated.

** BUILD FAILED **


The following build commands failed:
	CompileC CMAKE_TRY_COMPILE.build/Debug/cmTC_279c4.build/Objects-normal/x86_64/CheckSymbolExists.o CheckSymbolExists.c normal x86_64 c com.apple.compilers.llvm.clang.1_0.compiler
(1 failure)


File /Users/eloy/Code/ReactNative/Hermes/build/CMakeFiles/CMakeTmp/CheckSymbolExists.c:
/* */
#include <malloc_np.h>

int main(int argc, char** argv)
{
  (void)argv;
#ifndef mallctl
  return ((int*)(&mallctl))[argc];
#else
  (void)argc;
  return 0;
#endif
}

Determining if the mallinfo exist failed with the following output:
Change Dir: /Users/eloy/Code/ReactNative/Hermes/build/CMakeFiles/CMakeTmp

Run Build Command(s):/usr/bin/xcodebuild -project CMAKE_TRY_COMPILE.xcodeproj build -target cmTC_5a0f4 -configuration Debug -hideShellScriptEnvironment && Command line invocation:
    /Applications/Xcode.app/Contents/Developer/usr/bin/xcodebuild -project CMAKE_TRY_COMPILE.xcodeproj build -target cmTC_5a0f4 -configuration Debug -hideShellScriptEnvironment

User defaults from command line:
    HideShellScriptEnvironment = YES

Prepare build
note: Using legacy build system
=== BUILD TARGET cmTC_5a0f4 OF PROJECT CMAKE_TRY_COMPILE WITH CONFIGURATION Debug ===

Check dependencies

Write auxiliary files
/bin/mkdir -p /Users/eloy/Code/ReactNative/Hermes/build/CMakeFiles/CMakeTmp/CMAKE_TRY_COMPILE.build/Debug/cmTC_5a0f4.build/Objects-normal/x86_64
write-file /Users/eloy/Code/ReactNative/Hermes/build/CMakeFiles/CMakeTmp/CMAKE_TRY_COMPILE.build/Debug/cmTC_5a0f4.build/Objects-normal/x86_64/cmTC_5a0f4.LinkFileList

CompileC CMAKE_TRY_COMPILE.build/Debug/cmTC_5a0f4.build/Objects-normal/x86_64/CheckSymbolExists.o CheckSymbolExists.c normal x86_64 c com.apple.compilers.llvm.clang.1_0.compiler
    cd /Users/eloy/Code/ReactNative/Hermes/build/CMakeFiles/CMakeTmp
    /Applications/Xcode.app/Contents/Developer/Toolchains/XcodeDefault.xctoolchain/usr/bin/clang -x c -target x86_64-apple-macos10.15 -fmessage-length=0 -fdiagnostics-show-note-include-stack -fmacro-backtrace-limit=0 -Wno-trigraphs -fpascal-strings -O0 -Wno-missing-field-initializers -Wno-missing-prototypes -Wno-return-type -Wno-missing-braces -Wparentheses -Wswitch -Wno-unused-function -Wno-unused-label -Wno-unused-parameter -Wno-unused-variable -Wunused-value -Wno-empty-body -Wno-uninitialized -Wno-unknown-pragmas -Wno-shadow -Wno-four-char-constants -Wno-conversion -Wno-constant-conversion -Wno-int-conversion -Wno-bool-conversion -Wno-enum-conversion -Wno-float-conversion -Wno-non-literal-null-conversion -Wno-objc-literal-conversion -Wno-shorten-64-to-32 -Wpointer-sign -Wno-newline-eof -DCMAKE_INTDIR=\"Debug\" -isysroot /Applications/Xcode.app/Contents/Developer/Platforms/MacOSX.platform/Developer/SDKs/MacOSX10.15.sdk -fasm-blocks -fstrict-aliasing -Wdeprecated-declarations -g -Wno-sign-conversion -Wno-infinite-recursion -Wno-comma -Wno-block-capture-autoreleasing -Wno-strict-prototypes -Wno-semicolon-before-method-body -I/Users/eloy/Code/ReactNative/Hermes/build/CMakeFiles/CMakeTmp/Debug/include -I/Users/eloy/Code/ReactNative/Hermes/build/CMakeFiles/CMakeTmp/CMAKE_TRY_COMPILE.build/Debug/cmTC_5a0f4.build/DerivedSources-normal/x86_64 -I/Users/eloy/Code/ReactNative/Hermes/build/CMakeFiles/CMakeTmp/CMAKE_TRY_COMPILE.build/Debug/cmTC_5a0f4.build/DerivedSources/x86_64 -I/Users/eloy/Code/ReactNative/Hermes/build/CMakeFiles/CMakeTmp/CMAKE_TRY_COMPILE.build/Debug/cmTC_5a0f4.build/DerivedSources -Wmost -Wno-four-char-constants -Wno-unknown-pragmas -F/Users/eloy/Code/ReactNative/Hermes/build/CMakeFiles/CMakeTmp/Debug -Wall -Wextra -Wno-unused-parameter -Wwrite-strings -Wmissing-field-initializers -Wdelete-non-virtual-dtor -Werror=unguarded-availability-new -MMD -MT dependencies -MF /Users/eloy/Code/ReactNative/Hermes/build/CMakeFiles/CMakeTmp/CMAKE_TRY_COMPILE.build/Debug/cmTC_5a0f4.build/Objects-normal/x86_64/CheckSymbolExists.d --serialize-diagnostics /Users/eloy/Code/ReactNative/Hermes/build/CMakeFiles/CMakeTmp/CMAKE_TRY_COMPILE.build/Debug/cmTC_5a0f4.build/Objects-normal/x86_64/CheckSymbolExists.dia -c /Users/eloy/Code/ReactNative/Hermes/build/CMakeFiles/CMakeTmp/CheckSymbolExists.c -o /Users/eloy/Code/ReactNative/Hermes/build/CMakeFiles/CMakeTmp/CMAKE_TRY_COMPILE.build/Debug/cmTC_5a0f4.build/Objects-normal/x86_64/CheckSymbolExists.o
/Users/eloy/Code/ReactNative/Hermes/build/CMakeFiles/CMakeTmp/CheckSymbolExists.c:2:10: fatal error: 'malloc.h' file not found
#include <malloc.h>
         ^~~~~~~~~~
1 error generated.

** BUILD FAILED **


The following build commands failed:
	CompileC CMAKE_TRY_COMPILE.build/Debug/cmTC_5a0f4.build/Objects-normal/x86_64/CheckSymbolExists.o CheckSymbolExists.c normal x86_64 c com.apple.compilers.llvm.clang.1_0.compiler
(1 failure)


File /Users/eloy/Code/ReactNative/Hermes/build/CMakeFiles/CMakeTmp/CheckSymbolExists.c:
/* */
#include <malloc.h>

int main(int argc, char** argv)
{
  (void)argv;
#ifndef mallinfo
  return ((int*)(&mallinfo))[argc];
#else
  (void)argc;
  return 0;
#endif
}

Determining if the strerror_s exist failed with the following output:
Change Dir: /Users/eloy/Code/ReactNative/Hermes/build/CMakeFiles/CMakeTmp

Run Build Command(s):/usr/bin/xcodebuild -project CMAKE_TRY_COMPILE.xcodeproj build -target cmTC_bac9a -configuration Debug -hideShellScriptEnvironment && Command line invocation:
    /Applications/Xcode.app/Contents/Developer/usr/bin/xcodebuild -project CMAKE_TRY_COMPILE.xcodeproj build -target cmTC_bac9a -configuration Debug -hideShellScriptEnvironment

User defaults from command line:
    HideShellScriptEnvironment = YES

Prepare build
note: Using legacy build system
=== BUILD TARGET cmTC_bac9a OF PROJECT CMAKE_TRY_COMPILE WITH CONFIGURATION Debug ===

Check dependencies

Write auxiliary files
/bin/mkdir -p /Users/eloy/Code/ReactNative/Hermes/build/CMakeFiles/CMakeTmp/CMAKE_TRY_COMPILE.build/Debug/cmTC_bac9a.build/Objects-normal/x86_64
write-file /Users/eloy/Code/ReactNative/Hermes/build/CMakeFiles/CMakeTmp/CMAKE_TRY_COMPILE.build/Debug/cmTC_bac9a.build/Objects-normal/x86_64/cmTC_bac9a.LinkFileList

CompileC CMAKE_TRY_COMPILE.build/Debug/cmTC_bac9a.build/Objects-normal/x86_64/CheckSymbolExists.o CheckSymbolExists.c normal x86_64 c com.apple.compilers.llvm.clang.1_0.compiler
    cd /Users/eloy/Code/ReactNative/Hermes/build/CMakeFiles/CMakeTmp
    /Applications/Xcode.app/Contents/Developer/Toolchains/XcodeDefault.xctoolchain/usr/bin/clang -x c -target x86_64-apple-macos10.15 -fmessage-length=0 -fdiagnostics-show-note-include-stack -fmacro-backtrace-limit=0 -Wno-trigraphs -fpascal-strings -O0 -Wno-missing-field-initializers -Wno-missing-prototypes -Wno-return-type -Wno-missing-braces -Wparentheses -Wswitch -Wno-unused-function -Wno-unused-label -Wno-unused-parameter -Wno-unused-variable -Wunused-value -Wno-empty-body -Wno-uninitialized -Wno-unknown-pragmas -Wno-shadow -Wno-four-char-constants -Wno-conversion -Wno-constant-conversion -Wno-int-conversion -Wno-bool-conversion -Wno-enum-conversion -Wno-float-conversion -Wno-non-literal-null-conversion -Wno-objc-literal-conversion -Wno-shorten-64-to-32 -Wpointer-sign -Wno-newline-eof -DCMAKE_INTDIR=\"Debug\" -isysroot /Applications/Xcode.app/Contents/Developer/Platforms/MacOSX.platform/Developer/SDKs/MacOSX10.15.sdk -fasm-blocks -fstrict-aliasing -Wdeprecated-declarations -g -Wno-sign-conversion -Wno-infinite-recursion -Wno-comma -Wno-block-capture-autoreleasing -Wno-strict-prototypes -Wno-semicolon-before-method-body -I/Users/eloy/Code/ReactNative/Hermes/build/CMakeFiles/CMakeTmp/Debug/include -I/Users/eloy/Code/ReactNative/Hermes/build/CMakeFiles/CMakeTmp/CMAKE_TRY_COMPILE.build/Debug/cmTC_bac9a.build/DerivedSources-normal/x86_64 -I/Users/eloy/Code/ReactNative/Hermes/build/CMakeFiles/CMakeTmp/CMAKE_TRY_COMPILE.build/Debug/cmTC_bac9a.build/DerivedSources/x86_64 -I/Users/eloy/Code/ReactNative/Hermes/build/CMakeFiles/CMakeTmp/CMAKE_TRY_COMPILE.build/Debug/cmTC_bac9a.build/DerivedSources -Wmost -Wno-four-char-constants -Wno-unknown-pragmas -F/Users/eloy/Code/ReactNative/Hermes/build/CMakeFiles/CMakeTmp/Debug -Wall -Wextra -Wno-unused-parameter -Wwrite-strings -Wmissing-field-initializers -Wdelete-non-virtual-dtor -Werror=unguarded-availability-new -MMD -MT dependencies -MF /Users/eloy/Code/ReactNative/Hermes/build/CMakeFiles/CMakeTmp/CMAKE_TRY_COMPILE.build/Debug/cmTC_bac9a.build/Objects-normal/x86_64/CheckSymbolExists.d --serialize-diagnostics /Users/eloy/Code/ReactNative/Hermes/build/CMakeFiles/CMakeTmp/CMAKE_TRY_COMPILE.build/Debug/cmTC_bac9a.build/Objects-normal/x86_64/CheckSymbolExists.dia -c /Users/eloy/Code/ReactNative/Hermes/build/CMakeFiles/CMakeTmp/CheckSymbolExists.c -o /Users/eloy/Code/ReactNative/Hermes/build/CMakeFiles/CMakeTmp/CMAKE_TRY_COMPILE.build/Debug/cmTC_bac9a.build/Objects-normal/x86_64/CheckSymbolExists.o
/Users/eloy/Code/ReactNative/Hermes/build/CMakeFiles/CMakeTmp/CheckSymbolExists.c:8:19: error: use of undeclared identifier 'strerror_s'; did you mean 'strerror_r'?
  return ((int*)(&strerror_s))[argc];
                  ^~~~~~~~~~
                  strerror_r
In file included from /Users/eloy/Code/ReactNative/Hermes/build/CMakeFiles/CMakeTmp/CheckSymbolExists.c:2:
/Applications/Xcode.app/Contents/Developer/Platforms/MacOSX.platform/Developer/SDKs/MacOSX10.15.sdk/usr/include/string.h:116:6: note: 'strerror_r' declared here
int      strerror_r(int __errnum, char *__strerrbuf, size_t __buflen);
         ^
1 error generated.

2020-04-24 16:41:58.431 xcodebuild[29992:254059]  DTDeviceKit: deviceType from d22a1a23e2ce6ba03a3b8ea6aa30b1a4c1d86487 was NULL
** BUILD FAILED **


The following build commands failed:
	CompileC CMAKE_TRY_COMPILE.build/Debug/cmTC_bac9a.build/Objects-normal/x86_64/CheckSymbolExists.o CheckSymbolExists.c normal x86_64 c com.apple.compilers.llvm.clang.1_0.compiler
(1 failure)


File /Users/eloy/Code/ReactNative/Hermes/build/CMakeFiles/CMakeTmp/CheckSymbolExists.c:
/* */
#include <string.h>

int main(int argc, char** argv)
{
  (void)argv;
#ifndef strerror_s
  return ((int*)(&strerror_s))[argc];
#else
  (void)argc;
  return 0;
#endif
}

Determining if the __GLIBC__ exist failed with the following output:
Change Dir: /Users/eloy/Code/ReactNative/Hermes/build/CMakeFiles/CMakeTmp

Run Build Command(s):/usr/bin/xcodebuild -project CMAKE_TRY_COMPILE.xcodeproj build -target cmTC_bc7ea -configuration Debug -hideShellScriptEnvironment && Command line invocation:
    /Applications/Xcode.app/Contents/Developer/usr/bin/xcodebuild -project CMAKE_TRY_COMPILE.xcodeproj build -target cmTC_bc7ea -configuration Debug -hideShellScriptEnvironment

User defaults from command line:
    HideShellScriptEnvironment = YES

Prepare build
note: Using legacy build system
=== BUILD TARGET cmTC_bc7ea OF PROJECT CMAKE_TRY_COMPILE WITH CONFIGURATION Debug ===

Check dependencies

Write auxiliary files
/bin/mkdir -p /Users/eloy/Code/ReactNative/Hermes/build/CMakeFiles/CMakeTmp/CMAKE_TRY_COMPILE.build/Debug/cmTC_bc7ea.build/Objects-normal/x86_64
write-file /Users/eloy/Code/ReactNative/Hermes/build/CMakeFiles/CMakeTmp/CMAKE_TRY_COMPILE.build/Debug/cmTC_bc7ea.build/Objects-normal/x86_64/cmTC_bc7ea.LinkFileList

CompileC CMAKE_TRY_COMPILE.build/Debug/cmTC_bc7ea.build/Objects-normal/x86_64/CheckSymbolExists.o CheckSymbolExists.c normal x86_64 c com.apple.compilers.llvm.clang.1_0.compiler
    cd /Users/eloy/Code/ReactNative/Hermes/build/CMakeFiles/CMakeTmp
    /Applications/Xcode.app/Contents/Developer/Toolchains/XcodeDefault.xctoolchain/usr/bin/clang -x c -target x86_64-apple-macos10.15 -fmessage-length=0 -fdiagnostics-show-note-include-stack -fmacro-backtrace-limit=0 -Wno-trigraphs -fpascal-strings -O0 -Wno-missing-field-initializers -Wno-missing-prototypes -Wno-return-type -Wno-missing-braces -Wparentheses -Wswitch -Wno-unused-function -Wno-unused-label -Wno-unused-parameter -Wno-unused-variable -Wunused-value -Wno-empty-body -Wno-uninitialized -Wno-unknown-pragmas -Wno-shadow -Wno-four-char-constants -Wno-conversion -Wno-constant-conversion -Wno-int-conversion -Wno-bool-conversion -Wno-enum-conversion -Wno-float-conversion -Wno-non-literal-null-conversion -Wno-objc-literal-conversion -Wno-shorten-64-to-32 -Wpointer-sign -Wno-newline-eof -DCMAKE_INTDIR=\"Debug\" -isysroot /Applications/Xcode.app/Contents/Developer/Platforms/MacOSX.platform/Developer/SDKs/MacOSX10.15.sdk -fasm-blocks -fstrict-aliasing -Wdeprecated-declarations -g -Wno-sign-conversion -Wno-infinite-recursion -Wno-comma -Wno-block-capture-autoreleasing -Wno-strict-prototypes -Wno-semicolon-before-method-body -I/Users/eloy/Code/ReactNative/Hermes/build/CMakeFiles/CMakeTmp/Debug/include -I/Users/eloy/Code/ReactNative/Hermes/build/CMakeFiles/CMakeTmp/CMAKE_TRY_COMPILE.build/Debug/cmTC_bc7ea.build/DerivedSources-normal/x86_64 -I/Users/eloy/Code/ReactNative/Hermes/build/CMakeFiles/CMakeTmp/CMAKE_TRY_COMPILE.build/Debug/cmTC_bc7ea.build/DerivedSources/x86_64 -I/Users/eloy/Code/ReactNative/Hermes/build/CMakeFiles/CMakeTmp/CMAKE_TRY_COMPILE.build/Debug/cmTC_bc7ea.build/DerivedSources -Wmost -Wno-four-char-constants -Wno-unknown-pragmas -F/Users/eloy/Code/ReactNative/Hermes/build/CMakeFiles/CMakeTmp/Debug -Wall -Wextra -Wno-unused-parameter -Wwrite-strings -Wmissing-field-initializers -Wdelete-non-virtual-dtor -Werror=unguarded-availability-new -MMD -MT dependencies -MF /Users/eloy/Code/ReactNative/Hermes/build/CMakeFiles/CMakeTmp/CMAKE_TRY_COMPILE.build/Debug/cmTC_bc7ea.build/Objects-normal/x86_64/CheckSymbolExists.d --serialize-diagnostics /Users/eloy/Code/ReactNative/Hermes/build/CMakeFiles/CMakeTmp/CMAKE_TRY_COMPILE.build/Debug/cmTC_bc7ea.build/Objects-normal/x86_64/CheckSymbolExists.dia -c /Users/eloy/Code/ReactNative/Hermes/build/CMakeFiles/CMakeTmp/CheckSymbolExists.c -o /Users/eloy/Code/ReactNative/Hermes/build/CMakeFiles/CMakeTmp/CMAKE_TRY_COMPILE.build/Debug/cmTC_bc7ea.build/Objects-normal/x86_64/CheckSymbolExists.o
2020-04-24 16:42:01.903 xcodebuild[30053:254832]  DTDeviceKit: deviceType from d22a1a23e2ce6ba03a3b8ea6aa30b1a4c1d86487 was NULL
/Users/eloy/Code/ReactNative/Hermes/build/CMakeFiles/CMakeTmp/CheckSymbolExists.c:8:19: error: use of undeclared identifier '__GLIBC__'
  return ((int*)(&__GLIBC__))[argc];
                  ^
1 error generated.

** BUILD FAILED **


The following build commands failed:
	CompileC CMAKE_TRY_COMPILE.build/Debug/cmTC_bc7ea.build/Objects-normal/x86_64/CheckSymbolExists.o CheckSymbolExists.c normal x86_64 c com.apple.compilers.llvm.clang.1_0.compiler
(1 failure)


File /Users/eloy/Code/ReactNative/Hermes/build/CMakeFiles/CMakeTmp/CheckSymbolExists.c:
/* */
#include <stdio.h>

int main(int argc, char** argv)
{
  (void)argv;
#ifndef __GLIBC__
  return ((int*)(&__GLIBC__))[argc];
#else
  (void)argc;
  return 0;
#endif
}

Determining if the sched_getaffinity exist failed with the following output:
Change Dir: /Users/eloy/Code/ReactNative/Hermes/build/CMakeFiles/CMakeTmp

Run Build Command(s):/usr/bin/xcodebuild -project CMAKE_TRY_COMPILE.xcodeproj build -target cmTC_d57b9 -configuration Debug -hideShellScriptEnvironment && Command line invocation:
    /Applications/Xcode.app/Contents/Developer/usr/bin/xcodebuild -project CMAKE_TRY_COMPILE.xcodeproj build -target cmTC_d57b9 -configuration Debug -hideShellScriptEnvironment

User defaults from command line:
    HideShellScriptEnvironment = YES

Prepare build
note: Using legacy build system
=== BUILD TARGET cmTC_d57b9 OF PROJECT CMAKE_TRY_COMPILE WITH CONFIGURATION Debug ===

Check dependencies

Write auxiliary files
/bin/mkdir -p /Users/eloy/Code/ReactNative/Hermes/build/CMakeFiles/CMakeTmp/CMAKE_TRY_COMPILE.build/Debug/cmTC_d57b9.build/Objects-normal/x86_64
write-file /Users/eloy/Code/ReactNative/Hermes/build/CMakeFiles/CMakeTmp/CMAKE_TRY_COMPILE.build/Debug/cmTC_d57b9.build/Objects-normal/x86_64/cmTC_d57b9.LinkFileList

CompileC CMAKE_TRY_COMPILE.build/Debug/cmTC_d57b9.build/Objects-normal/x86_64/CheckSymbolExists.o CheckSymbolExists.c normal x86_64 c com.apple.compilers.llvm.clang.1_0.compiler
    cd /Users/eloy/Code/ReactNative/Hermes/build/CMakeFiles/CMakeTmp
    /Applications/Xcode.app/Contents/Developer/Toolchains/XcodeDefault.xctoolchain/usr/bin/clang -x c -target x86_64-apple-macos10.15 -fmessage-length=0 -fdiagnostics-show-note-include-stack -fmacro-backtrace-limit=0 -Wno-trigraphs -fpascal-strings -O0 -Wno-missing-field-initializers -Wno-missing-prototypes -Wno-return-type -Wno-missing-braces -Wparentheses -Wswitch -Wno-unused-function -Wno-unused-label -Wno-unused-parameter -Wno-unused-variable -Wunused-value -Wno-empty-body -Wno-uninitialized -Wno-unknown-pragmas -Wno-shadow -Wno-four-char-constants -Wno-conversion -Wno-constant-conversion -Wno-int-conversion -Wno-bool-conversion -Wno-enum-conversion -Wno-float-conversion -Wno-non-literal-null-conversion -Wno-objc-literal-conversion -Wno-shorten-64-to-32 -Wpointer-sign -Wno-newline-eof -DCMAKE_INTDIR=\"Debug\" -isysroot /Applications/Xcode.app/Contents/Developer/Platforms/MacOSX.platform/Developer/SDKs/MacOSX10.15.sdk -fasm-blocks -fstrict-aliasing -Wdeprecated-declarations -g -Wno-sign-conversion -Wno-infinite-recursion -Wno-comma -Wno-block-capture-autoreleasing -Wno-strict-prototypes -Wno-semicolon-before-method-body -I/Users/eloy/Code/ReactNative/Hermes/build/CMakeFiles/CMakeTmp/Debug/include -I/Users/eloy/Code/ReactNative/Hermes/build/CMakeFiles/CMakeTmp/CMAKE_TRY_COMPILE.build/Debug/cmTC_d57b9.build/DerivedSources-normal/x86_64 -I/Users/eloy/Code/ReactNative/Hermes/build/CMakeFiles/CMakeTmp/CMAKE_TRY_COMPILE.build/Debug/cmTC_d57b9.build/DerivedSources/x86_64 -I/Users/eloy/Code/ReactNative/Hermes/build/CMakeFiles/CMakeTmp/CMAKE_TRY_COMPILE.build/Debug/cmTC_d57b9.build/DerivedSources -Wmost -Wno-four-char-constants -Wno-unknown-pragmas -F/Users/eloy/Code/ReactNative/Hermes/build/CMakeFiles/CMakeTmp/Debug -Wall -Wextra -Wno-unused-parameter -Wwrite-strings -Wmissing-field-initializers -Wdelete-non-virtual-dtor -Werror=unguarded-availability-new -MMD -MT dependencies -MF /Users/eloy/Code/ReactNative/Hermes/build/CMakeFiles/CMakeTmp/CMAKE_TRY_COMPILE.build/Debug/cmTC_d57b9.build/Objects-normal/x86_64/CheckSymbolExists.d --serialize-diagnostics /Users/eloy/Code/ReactNative/Hermes/build/CMakeFiles/CMakeTmp/CMAKE_TRY_COMPILE.build/Debug/cmTC_d57b9.build/Objects-normal/x86_64/CheckSymbolExists.dia -c /Users/eloy/Code/ReactNative/Hermes/build/CMakeFiles/CMakeTmp/CheckSymbolExists.c -o /Users/eloy/Code/ReactNative/Hermes/build/CMakeFiles/CMakeTmp/CMAKE_TRY_COMPILE.build/Debug/cmTC_d57b9.build/Objects-normal/x86_64/CheckSymbolExists.o
/Users/eloy/Code/ReactNative/Hermes/build/CMakeFiles/CMakeTmp/CheckSymbolExists.c:8:19: error: use of undeclared identifier 'sched_getaffinity'
  return ((int*)(&sched_getaffinity))[argc];
                  ^
1 error generated.

2020-04-24 16:42:02.707 xcodebuild[30066:255010]  DTDeviceKit: deviceType from d22a1a23e2ce6ba03a3b8ea6aa30b1a4c1d86487 was NULL
** BUILD FAILED **


The following build commands failed:
	CompileC CMAKE_TRY_COMPILE.build/Debug/cmTC_d57b9.build/Objects-normal/x86_64/CheckSymbolExists.o CheckSymbolExists.c normal x86_64 c com.apple.compilers.llvm.clang.1_0.compiler
(1 failure)


File /Users/eloy/Code/ReactNative/Hermes/build/CMakeFiles/CMakeTmp/CheckSymbolExists.c:
/* */
#include <sched.h>

int main(int argc, char** argv)
{
  (void)argv;
#ifndef sched_getaffinity
  return ((int*)(&sched_getaffinity))[argc];
#else
  (void)argc;
  return 0;
#endif
}

Determining if the CPU_COUNT exist failed with the following output:
Change Dir: /Users/eloy/Code/ReactNative/Hermes/build/CMakeFiles/CMakeTmp

Run Build Command(s):/usr/bin/xcodebuild -project CMAKE_TRY_COMPILE.xcodeproj build -target cmTC_b734d -configuration Debug -hideShellScriptEnvironment && Command line invocation:
    /Applications/Xcode.app/Contents/Developer/usr/bin/xcodebuild -project CMAKE_TRY_COMPILE.xcodeproj build -target cmTC_b734d -configuration Debug -hideShellScriptEnvironment

User defaults from command line:
    HideShellScriptEnvironment = YES

Prepare build
note: Using legacy build system
=== BUILD TARGET cmTC_b734d OF PROJECT CMAKE_TRY_COMPILE WITH CONFIGURATION Debug ===

Check dependencies

Write auxiliary files
/bin/mkdir -p /Users/eloy/Code/ReactNative/Hermes/build/CMakeFiles/CMakeTmp/CMAKE_TRY_COMPILE.build/Debug/cmTC_b734d.build/Objects-normal/x86_64
write-file /Users/eloy/Code/ReactNative/Hermes/build/CMakeFiles/CMakeTmp/CMAKE_TRY_COMPILE.build/Debug/cmTC_b734d.build/Objects-normal/x86_64/cmTC_b734d.LinkFileList

CompileC CMAKE_TRY_COMPILE.build/Debug/cmTC_b734d.build/Objects-normal/x86_64/CheckSymbolExists.o CheckSymbolExists.c normal x86_64 c com.apple.compilers.llvm.clang.1_0.compiler
    cd /Users/eloy/Code/ReactNative/Hermes/build/CMakeFiles/CMakeTmp
    /Applications/Xcode.app/Contents/Developer/Toolchains/XcodeDefault.xctoolchain/usr/bin/clang -x c -target x86_64-apple-macos10.15 -fmessage-length=0 -fdiagnostics-show-note-include-stack -fmacro-backtrace-limit=0 -Wno-trigraphs -fpascal-strings -O0 -Wno-missing-field-initializers -Wno-missing-prototypes -Wno-return-type -Wno-missing-braces -Wparentheses -Wswitch -Wno-unused-function -Wno-unused-label -Wno-unused-parameter -Wno-unused-variable -Wunused-value -Wno-empty-body -Wno-uninitialized -Wno-unknown-pragmas -Wno-shadow -Wno-four-char-constants -Wno-conversion -Wno-constant-conversion -Wno-int-conversion -Wno-bool-conversion -Wno-enum-conversion -Wno-float-conversion -Wno-non-literal-null-conversion -Wno-objc-literal-conversion -Wno-shorten-64-to-32 -Wpointer-sign -Wno-newline-eof -DCMAKE_INTDIR=\"Debug\" -isysroot /Applications/Xcode.app/Contents/Developer/Platforms/MacOSX.platform/Developer/SDKs/MacOSX10.15.sdk -fasm-blocks -fstrict-aliasing -Wdeprecated-declarations -g -Wno-sign-conversion -Wno-infinite-recursion -Wno-comma -Wno-block-capture-autoreleasing -Wno-strict-prototypes -Wno-semicolon-before-method-body -I/Users/eloy/Code/ReactNative/Hermes/build/CMakeFiles/CMakeTmp/Debug/include -I/Users/eloy/Code/ReactNative/Hermes/build/CMakeFiles/CMakeTmp/CMAKE_TRY_COMPILE.build/Debug/cmTC_b734d.build/DerivedSources-normal/x86_64 -I/Users/eloy/Code/ReactNative/Hermes/build/CMakeFiles/CMakeTmp/CMAKE_TRY_COMPILE.build/Debug/cmTC_b734d.build/DerivedSources/x86_64 -I/Users/eloy/Code/ReactNative/Hermes/build/CMakeFiles/CMakeTmp/CMAKE_TRY_COMPILE.build/Debug/cmTC_b734d.build/DerivedSources -Wmost -Wno-four-char-constants -Wno-unknown-pragmas -F/Users/eloy/Code/ReactNative/Hermes/build/CMakeFiles/CMakeTmp/Debug -Wall -Wextra -Wno-unused-parameter -Wwrite-strings -Wmissing-field-initializers -Wdelete-non-virtual-dtor -Werror=unguarded-availability-new -MMD -MT dependencies -MF /Users/eloy/Code/ReactNative/Hermes/build/CMakeFiles/CMakeTmp/CMAKE_TRY_COMPILE.build/Debug/cmTC_b734d.build/Objects-normal/x86_64/CheckSymbolExists.d --serialize-diagnostics /Users/eloy/Code/ReactNative/Hermes/build/CMakeFiles/CMakeTmp/CMAKE_TRY_COMPILE.build/Debug/cmTC_b734d.build/Objects-normal/x86_64/CheckSymbolExists.dia -c /Users/eloy/Code/ReactNative/Hermes/build/CMakeFiles/CMakeTmp/CheckSymbolExists.c -o /Users/eloy/Code/ReactNative/Hermes/build/CMakeFiles/CMakeTmp/CMAKE_TRY_COMPILE.build/Debug/cmTC_b734d.build/Objects-normal/x86_64/CheckSymbolExists.o
/Users/eloy/Code/ReactNative/Hermes/build/CMakeFiles/CMakeTmp/CheckSymbolExists.c:8:19: error: use of undeclared identifier 'CPU_COUNT'
  return ((int*)(&CPU_COUNT))[argc];
                  ^
1 error generated.

** BUILD FAILED **


The following build commands failed:
	CompileC CMAKE_TRY_COMPILE.build/Debug/cmTC_b734d.build/Objects-normal/x86_64/CheckSymbolExists.o CheckSymbolExists.c normal x86_64 c com.apple.compilers.llvm.clang.1_0.compiler
(1 failure)


File /Users/eloy/Code/ReactNative/Hermes/build/CMakeFiles/CMakeTmp/CheckSymbolExists.c:
/* */
#include <sched.h>

int main(int argc, char** argv)
{
  (void)argv;
#ifndef CPU_COUNT
  return ((int*)(&CPU_COUNT))[argc];
#else
  (void)argc;
  return 0;
#endif
}

